<?xml version="1.0" encoding="UTF-8"?>
<!-- Generated by org.testng.reporters.JUnitXMLReporter -->
<testsuite ignored="3" hostname="Cricket" failures="0" tests="1" name="Default test" time="17.278" errors="0" timestamp="2024-12-24T00:06:25 CST">
  <testcase classname="testCases.Tree_TestCase" name="ValidTryHereFunctionality" time="3.361"/>
  <testcase classname="testCases.Tree_TestCase" name="NavtoTryherepg" time="0.0">
    <ignored/>
  </testcase> <!-- NavtoTryherepg -->
  <testcase classname="testCases.Tree_TestCase" name="NavtoOverviewofTrees" time="0.0">
    <ignored/>
  </testcase> <!-- NavtoOverviewofTrees -->
  <testcase classname="testCases.Tree_TestCase" name="InvalidTryHereFunctionality" time="0.0">
    <ignored/>
  </testcase> <!-- InvalidTryHereFunctionality -->
</testsuite> <!-- Default test -->
