<?xml version="1.0" encoding="UTF-8"?>
<!-- Generated by org.testng.reporters.JUnitXMLReporter -->
<testsuite ignored="0" hostname="MyGenie" failures="27" tests="261" name="TestChrome" time="568.568" errors="0" timestamp="2025-01-12T01:04:41 CST">
  <testcase classname="testCases.Login_TestCase" name="InvalidLogin" time="2.955"/>
  <testcase classname="testCases.HomeGetstd_TestCase" name="HomeGetstd" time="2.238"/>
  <testcase classname="testCases.Home_TestCase" name="HomeDrpdwn" time="2.797"/>
  <testcase classname="testCases.Register_TestCase" name="InvalidRegister" time="6.519">
    <skipped/>
  </testcase> <!-- InvalidRegister -->
  <testcase classname="testCases.LinkedList_TestCase" name="CreateLL2TryEditor" time="5.282"/>
  <testcase classname="testCases.Tree_TestCase" name="ABT" time="2.36"/>
  <testcase classname="testCases.Login_TestCase" name="InvalidLogin" time="3.128"/>
  <testcase classname="testCases.Queue_TestCase" name="ImpArrayEmptyTryHereFunc" time="6.383">
    <skipped/>
  </testcase> <!-- ImpArrayEmptyTryHereFunc -->
  <testcase classname="testCases.Register_TestCase" name="InvalidRegister" time="4.317">
    <skipped/>
  </testcase> <!-- InvalidRegister -->
  <testcase classname="testCases.HomeGetstd_TestCase" name="HomeGetstd" time="1.179"/>
  <testcase classname="testCases.Home_TestCase" name="HomeDrpdwn" time="2.089"/>
  <testcase classname="testCases.Login_TestCase" name="InvalidLogin" time="1.959"/>
  <testcase classname="testCases.Tree_TestCase" name="BST" time="1.783"/>
  <testcase classname="testCases.Register_TestCase" name="InvalidRegister" time="3.563">
    <skipped/>
  </testcase> <!-- InvalidRegister -->
  <testcase classname="testCases.LinkedList_TestCase" name="CreateLLEmptyTryHereFunc" time="4.35">
    <skipped/>
  </testcase> <!-- CreateLLEmptyTryHereFunc -->
  <testcase classname="testCases.Login_TestCase" name="InvalidLogin" time="2.432"/>
  <testcase classname="testCases.Queue_TestCase" name="ImpArrayEmptyTryHereFunc" time="3.341">
    <skipped/>
  </testcase> <!-- ImpArrayEmptyTryHereFunc -->
  <testcase classname="testCases.Home_TestCase" name="HomeDrpdwn" time="2.015"/>
  <testcase classname="testCases.HomeGetstd_TestCase" name="HomeGetstd" time="1.943"/>
  <testcase classname="testCases.Register_TestCase" name="InvalidRegister" time="3.256">
    <failure type="java.lang.AssertionError" message="expected [password_mismatch:The two password fields didn’t match.] but found [Invalid Username ]">
      <![CDATA[java.lang.AssertionError: expected [password_mismatch:The two password fields didn’t match.] but found [Invalid Username ]
at testCases.Register_TestCase.InvalidRegister(Register_TestCase.java:40)
at java.base/java.util.concurrent.Executors$RunnableAdapter.call(Executors.java:572)
at java.base/java.util.concurrent.FutureTask.run(FutureTask.java:317)
at java.base/java.util.concurrent.ThreadPoolExecutor.runWorker(ThreadPoolExecutor.java:1144)
at java.base/java.util.concurrent.ThreadPoolExecutor$Worker.run(ThreadPoolExecutor.java:642)
at java.base/java.lang.Thread.run(Thread.java:1583)
... Removed 17 stack frames]]>
    </failure>
  </testcase> <!-- InvalidRegister -->
  <testcase classname="testCases.Login_TestCase" name="InvalidLogin" time="2.39"/>
  <testcase classname="testCases.Tree_TestCase" name="BibaryTree" time="1.587"/>
  <testcase classname="testCases.LinkedList_TestCase" name="CreateLLEmptyTryHereFunc" time="3.746">
    <skipped/>
  </testcase> <!-- CreateLLEmptyTryHereFunc -->
  <testcase classname="testCases.Home_TestCase" name="HomeDrpdwn" time="1.981"/>
  <testcase classname="testCases.Register_TestCase" name="InvalidRegister" time="3.026">
    <skipped/>
  </testcase> <!-- InvalidRegister -->
  <testcase classname="testCases.Queue_TestCase" name="ImpArrayEmptyTryHereFunc" time="3.351">
    <skipped/>
  </testcase> <!-- ImpArrayEmptyTryHereFunc -->
  <testcase classname="testCases.HomeGetstd_TestCase" name="HomeGetstd" time="1.153"/>
  <testcase classname="testCases.Login_TestCase" name="SignOut" time="4.315"/>
  <testcase classname="testCases.Login_TestCase" name="ToRegPage" time="1.058"/>
  <testcase classname="testCases.Tree_TestCase" name="BinTreeTrav" time="1.578"/>
  <testcase classname="testCases.Register_TestCase" name="InvalidRegister" time="2.927">
    <skipped/>
  </testcase> <!-- InvalidRegister -->
  <testcase classname="testCases.Home_TestCase" name="HomeDrpdwn" time="1.868"/>
  <testcase classname="testCases.LinkedList_TestCase" name="CreateLLEmptyTryHereFunc" time="3.543">
    <skipped/>
  </testcase> <!-- CreateLLEmptyTryHereFunc -->
  <testcase classname="testCases.HomeGetstd_TestCase" name="HomeGetstd" time="1.447"/>
  <testcase classname="testCases.Login_TestCase" name="ValidLogin" time="3.352"/>
  <testcase classname="testCases.Queue_TestCase" name="ImpArrayEmptyTryHereFunc" time="3.522">
    <failure type="java.lang.AssertionError" message="Alert is not present">
      <![CDATA[java.lang.AssertionError: Alert is not present
at testCases.Queue_TestCase.ImpArrayEmptyTryHereFunc(Queue_TestCase.java:256)
at java.base/java.util.concurrent.Executors$RunnableAdapter.call(Executors.java:572)
at java.base/java.util.concurrent.FutureTask.run(FutureTask.java:317)
at java.base/java.util.concurrent.ThreadPoolExecutor.runWorker(ThreadPoolExecutor.java:1144)
at java.base/java.util.concurrent.ThreadPoolExecutor$Worker.run(ThreadPoolExecutor.java:642)
at java.base/java.lang.Thread.run(Thread.java:1583)
... Removed 12 stack frames]]>
    </failure>
  </testcase> <!-- ImpArrayEmptyTryHereFunc -->
  <testcase classname="testCases.Register_TestCase" name="InvalidRegister" time="3.231">
    <skipped/>
  </testcase> <!-- InvalidRegister -->
  <testcase classname="testCases.Home_TestCase" name="HomeDrpdwn" time="1.626"/>
  <testcase classname="testCases.Tree_TestCase" name="EmptyTryeditorABT" time="3.955">
    <skipped/>
  </testcase> <!-- EmptyTryeditorABT -->
  <testcase classname="testCases.Register_TestCase" name="InvalidRegister" time="2.847">
    <failure type="java.lang.AssertionError" message="expected [password_mismatch:The two password fields didn’t match.] but found [The user Is already Registered]">
      <![CDATA[java.lang.AssertionError: expected [password_mismatch:The two password fields didn’t match.] but found [The user Is already Registered]
at testCases.Register_TestCase.InvalidRegister(Register_TestCase.java:44)
at java.base/java.util.concurrent.Executors$RunnableAdapter.call(Executors.java:572)
at java.base/java.util.concurrent.FutureTask.run(FutureTask.java:317)
at java.base/java.util.concurrent.ThreadPoolExecutor.runWorker(ThreadPoolExecutor.java:1144)
at java.base/java.util.concurrent.ThreadPoolExecutor$Worker.run(ThreadPoolExecutor.java:642)
at java.base/java.lang.Thread.run(Thread.java:1583)
... Removed 17 stack frames]]>
    </failure>
  </testcase> <!-- InvalidRegister -->
  <testcase classname="testCases.LinkedList_TestCase" name="CreateLLEmptyTryHereFunc" time="2.793">
    <failure type="java.lang.AssertionError" message="Alert is not present">
      <![CDATA[java.lang.AssertionError: Alert is not present
at testCases.LinkedList_TestCase.CreateLLEmptyTryHereFunc(LinkedList_TestCase.java:222)
at java.base/java.util.concurrent.Executors$RunnableAdapter.call(Executors.java:572)
at java.base/java.util.concurrent.FutureTask.run(FutureTask.java:317)
at java.base/java.util.concurrent.ThreadPoolExecutor.runWorker(ThreadPoolExecutor.java:1144)
at java.base/java.util.concurrent.ThreadPoolExecutor$Worker.run(ThreadPoolExecutor.java:642)
at java.base/java.lang.Thread.run(Thread.java:1583)
... Removed 12 stack frames]]>
    </failure>
  </testcase> <!-- CreateLLEmptyTryHereFunc -->
  <testcase classname="testCases.HomeGetstd_TestCase" name="HomeGetstd" time="1.427"/>
  <testcase classname="testCases.Queue_TestCase" name="ImpArrayInValidTryHereFunc" time="2.609"/>
  <testcase classname="testCases.Register_TestCase" name="InvalidRegister" time="1.632"/>
  <testcase classname="testCases.Tree_TestCase" name="EmptyTryeditorABT" time="2.828">
    <skipped/>
  </testcase> <!-- EmptyTryeditorABT -->
  <testcase classname="testCases.HomeGetstd_TestCase" name="HomeGetstd" time="1.198"/>
  <testcase classname="testCases.Register_TestCase" name="InvalidRegister" time="2.237">
    <skipped/>
  </testcase> <!-- InvalidRegister -->
  <testcase classname="testCases.LinkedList_TestCase" name="CreateLLInValidTryHereFunc" time="2.96"/>
  <testcase classname="testCases.Queue_TestCase" name="ImpArrayInValidTryHereFunc" time="2.844"/>
  <testcase classname="testCases.Register_TestCase" name="InvalidRegister" time="1.648">
    <skipped/>
  </testcase> <!-- InvalidRegister -->
  <testcase classname="testCases.Tree_TestCase" name="EmptyTryeditorABT" time="2.3">
    <skipped/>
  </testcase> <!-- EmptyTryeditorABT -->
  <testcase classname="testCases.Register_TestCase" name="InvalidRegister" time="1.569">
    <skipped/>
  </testcase> <!-- InvalidRegister -->
  <testcase classname="testCases.LinkedList_TestCase" name="CreateLLInValidTryHereFunc" time="2.276"/>
  <testcase classname="testCases.Queue_TestCase" name="ImpArrayValidTryHereFunc" time="2.234"/>
  <testcase classname="testCases.Register_TestCase" name="InvalidRegister" time="1.711">
    <failure type="java.lang.AssertionError" message="expected [password_mismatch:The two password fields didn’t match.] but found [Invalid Password]">
      <![CDATA[java.lang.AssertionError: expected [password_mismatch:The two password fields didn’t match.] but found [Invalid Password]
at testCases.Register_TestCase.InvalidRegister(Register_TestCase.java:52)
at java.base/java.util.concurrent.Executors$RunnableAdapter.call(Executors.java:572)
at java.base/java.util.concurrent.FutureTask.run(FutureTask.java:317)
at java.base/java.util.concurrent.ThreadPoolExecutor.runWorker(ThreadPoolExecutor.java:1144)
at java.base/java.util.concurrent.ThreadPoolExecutor$Worker.run(ThreadPoolExecutor.java:642)
at java.base/java.lang.Thread.run(Thread.java:1583)
... Removed 17 stack frames]]>
    </failure>
  </testcase> <!-- InvalidRegister -->
  <testcase classname="testCases.Tree_TestCase" name="EmptyTryeditorABT" time="2.083">
    <failure type="java.lang.AssertionError" message="Alert is not present">
      <![CDATA[java.lang.AssertionError: Alert is not present
at testCases.Tree_TestCase.EmptyTryeditorABT(Tree_TestCase.java:922)
at java.base/java.util.concurrent.Executors$RunnableAdapter.call(Executors.java:572)
at java.base/java.util.concurrent.FutureTask.run(FutureTask.java:317)
at java.base/java.util.concurrent.ThreadPoolExecutor.runWorker(ThreadPoolExecutor.java:1144)
at java.base/java.util.concurrent.ThreadPoolExecutor$Worker.run(ThreadPoolExecutor.java:642)
at java.base/java.lang.Thread.run(Thread.java:1583)
... Removed 12 stack frames]]>
    </failure>
  </testcase> <!-- EmptyTryeditorABT -->
  <testcase classname="testCases.Register_TestCase" name="InvalidRegister" time="1.066"/>
  <testcase classname="testCases.Queue_TestCase" name="ImpCollEmptyTryHereFunc" time="1.932">
    <skipped/>
  </testcase> <!-- ImpCollEmptyTryHereFunc -->
  <testcase classname="testCases.Register_TestCase" name="InvalidRegister" time="1.484"/>
  <testcase classname="testCases.LinkedList_TestCase" name="CreateLLValidTryHereFunc" time="3.673"/>
  <testcase classname="testCases.Tree_TestCase" name="EmptyTryeditorBST" time="2.121">
    <skipped/>
  </testcase> <!-- EmptyTryeditorBST -->
  <testcase classname="testCases.Register_TestCase" name="InvalidRegister" time="1.551"/>
  <testcase classname="testCases.Queue_TestCase" name="ImpCollEmptyTryHereFunc" time="2.026">
    <skipped/>
  </testcase> <!-- ImpCollEmptyTryHereFunc -->
  <testcase classname="testCases.Register_TestCase" name="InvalidRegister" time="1.16"/>
  <testcase classname="testCases.LinkedList_TestCase" name="Deletion2TryEditor" time="1.866"/>
  <testcase classname="testCases.Tree_TestCase" name="EmptyTryeditorBST" time="1.942">
    <skipped/>
  </testcase> <!-- EmptyTryeditorBST -->
  <testcase classname="testCases.Register_TestCase" name="ToLogin" time="0.653"/>
  <testcase classname="testCases.Queue_TestCase" name="ImpCollEmptyTryHereFunc" time="1.328">
    <skipped/>
  </testcase> <!-- ImpCollEmptyTryHereFunc -->
  <testcase classname="testCases.LinkedList_TestCase" name="DeletionEmptyTryHereFunc" time="1.487">
    <skipped/>
  </testcase> <!-- DeletionEmptyTryHereFunc -->
  <testcase classname="testCases.Tree_TestCase" name="EmptyTryeditorBST" time="1.648">
    <skipped/>
  </testcase> <!-- EmptyTryeditorBST -->
  <testcase classname="testCases.Queue_TestCase" name="ImpCollEmptyTryHereFunc" time="1.309">
    <failure type="java.lang.AssertionError" message="Alert is not present">
      <![CDATA[java.lang.AssertionError: Alert is not present
at testCases.Queue_TestCase.ImpCollEmptyTryHereFunc(Queue_TestCase.java:192)
at java.base/java.util.concurrent.Executors$RunnableAdapter.call(Executors.java:572)
at java.base/java.util.concurrent.FutureTask.run(FutureTask.java:317)
at java.base/java.util.concurrent.ThreadPoolExecutor.runWorker(ThreadPoolExecutor.java:1144)
at java.base/java.util.concurrent.ThreadPoolExecutor$Worker.run(ThreadPoolExecutor.java:642)
at java.base/java.lang.Thread.run(Thread.java:1583)
... Removed 12 stack frames]]>
    </failure>
  </testcase> <!-- ImpCollEmptyTryHereFunc -->
  <testcase classname="testCases.LinkedList_TestCase" name="DeletionEmptyTryHereFunc" time="1.767">
    <skipped/>
  </testcase> <!-- DeletionEmptyTryHereFunc -->
  <testcase classname="testCases.Tree_TestCase" name="EmptyTryeditorBST" time="1.466">
    <failure type="java.lang.AssertionError" message="Alert is not present">
      <![CDATA[java.lang.AssertionError: Alert is not present
at testCases.Tree_TestCase.EmptyTryeditorBST(Tree_TestCase.java:1004)
at java.base/java.util.concurrent.Executors$RunnableAdapter.call(Executors.java:572)
at java.base/java.util.concurrent.FutureTask.run(FutureTask.java:317)
at java.base/java.util.concurrent.ThreadPoolExecutor.runWorker(ThreadPoolExecutor.java:1144)
at java.base/java.util.concurrent.ThreadPoolExecutor$Worker.run(ThreadPoolExecutor.java:642)
at java.base/java.lang.Thread.run(Thread.java:1583)
... Removed 12 stack frames]]>
    </failure>
  </testcase> <!-- EmptyTryeditorBST -->
  <testcase classname="testCases.Queue_TestCase" name="ImpCollInValidTryHereFunc" time="1.476"/>
  <testcase classname="testCases.Tree_TestCase" name="EmptyTryeditorBT" time="1.614">
    <skipped/>
  </testcase> <!-- EmptyTryeditorBT -->
  <testcase classname="testCases.LinkedList_TestCase" name="DeletionEmptyTryHereFunc" time="1.608">
    <skipped/>
  </testcase> <!-- DeletionEmptyTryHereFunc -->
  <testcase classname="testCases.Queue_TestCase" name="ImpCollInValidTryHereFunc" time="2.35"/>
  <testcase classname="testCases.Tree_TestCase" name="EmptyTryeditorBT" time="1.855">
    <skipped/>
  </testcase> <!-- EmptyTryeditorBT -->
  <testcase classname="testCases.LinkedList_TestCase" name="DeletionEmptyTryHereFunc" time="1.893">
    <failure type="java.lang.AssertionError" message="Alert is not present">
      <![CDATA[java.lang.AssertionError: Alert is not present
at testCases.LinkedList_TestCase.DeletionEmptyTryHereFunc(LinkedList_TestCase.java:533)
at java.base/java.util.concurrent.Executors$RunnableAdapter.call(Executors.java:572)
at java.base/java.util.concurrent.FutureTask.run(FutureTask.java:317)
at java.base/java.util.concurrent.ThreadPoolExecutor.runWorker(ThreadPoolExecutor.java:1144)
at java.base/java.util.concurrent.ThreadPoolExecutor$Worker.run(ThreadPoolExecutor.java:642)
at java.base/java.lang.Thread.run(Thread.java:1583)
... Removed 12 stack frames]]>
    </failure>
  </testcase> <!-- DeletionEmptyTryHereFunc -->
  <testcase classname="testCases.Queue_TestCase" name="ImpCollValidTryHereFunc" time="1.739"/>
  <testcase classname="testCases.Tree_TestCase" name="EmptyTryeditorBT" time="1.569">
    <skipped/>
  </testcase> <!-- EmptyTryeditorBT -->
  <testcase classname="testCases.LinkedList_TestCase" name="DeletionInValidTryHereFunc" time="1.902"/>
  <testcase classname="testCases.Queue_TestCase" name="ImpCollection2tryeditor" time="1.381"/>
  <testcase classname="testCases.Tree_TestCase" name="EmptyTryeditorBT" time="1.51">
    <failure type="java.lang.AssertionError" message="Alert is not present">
      <![CDATA[java.lang.AssertionError: Alert is not present
at testCases.Tree_TestCase.EmptyTryeditorBT(Tree_TestCase.java:529)
at java.base/java.util.concurrent.Executors$RunnableAdapter.call(Executors.java:572)
at java.base/java.util.concurrent.FutureTask.run(FutureTask.java:317)
at java.base/java.util.concurrent.ThreadPoolExecutor.runWorker(ThreadPoolExecutor.java:1144)
at java.base/java.util.concurrent.ThreadPoolExecutor$Worker.run(ThreadPoolExecutor.java:642)
at java.base/java.lang.Thread.run(Thread.java:1583)
... Removed 12 stack frames]]>
    </failure>
  </testcase> <!-- EmptyTryeditorBT -->
  <testcase classname="testCases.LinkedList_TestCase" name="DeletionInValidTryHereFunc" time="1.844"/>
  <testcase classname="testCases.Queue_TestCase" name="Imparray2tryeditor" time="1.299"/>
  <testcase classname="testCases.Tree_TestCase" name="EmptyTryeditorBinTreeTrav" time="1.713">
    <skipped/>
  </testcase> <!-- EmptyTryeditorBinTreeTrav -->
  <testcase classname="testCases.Queue_TestCase" name="Impqueue2PrctQues" time="1.363"/>
  <testcase classname="testCases.LinkedList_TestCase" name="DeletionValidTryHereFunc" time="2.539"/>
  <testcase classname="testCases.Tree_TestCase" name="EmptyTryeditorBinTreeTrav" time="2.208">
    <skipped/>
  </testcase> <!-- EmptyTryeditorBinTreeTrav -->
  <testcase classname="testCases.Queue_TestCase" name="Impqueue2tryeditor" time="1.719"/>
  <testcase classname="testCases.LinkedList_TestCase" name="ImpLL2TryEditor" time="1.776"/>
  <testcase classname="testCases.Queue_TestCase" name="ImpqueueEmptyTryHereFunc" time="1.719">
    <skipped/>
  </testcase> <!-- ImpqueueEmptyTryHereFunc -->
  <testcase classname="testCases.Tree_TestCase" name="EmptyTryeditorBinTreeTrav" time="1.825">
    <skipped/>
  </testcase> <!-- EmptyTryeditorBinTreeTrav -->
  <testcase classname="testCases.LinkedList_TestCase" name="ImpLLEmptyTryHereFunc" time="2.073">
    <skipped/>
  </testcase> <!-- ImpLLEmptyTryHereFunc -->
  <testcase classname="testCases.Queue_TestCase" name="ImpqueueEmptyTryHereFunc" time="1.887">
    <skipped/>
  </testcase> <!-- ImpqueueEmptyTryHereFunc -->
  <testcase classname="testCases.Tree_TestCase" name="EmptyTryeditorBinTreeTrav" time="1.858">
    <failure type="java.lang.AssertionError" message="Alert is not present">
      <![CDATA[java.lang.AssertionError: Alert is not present
at testCases.Tree_TestCase.EmptyTryeditorBinTreeTrav(Tree_TestCase.java:766)
at java.base/java.util.concurrent.Executors$RunnableAdapter.call(Executors.java:572)
at java.base/java.util.concurrent.FutureTask.run(FutureTask.java:317)
at java.base/java.util.concurrent.ThreadPoolExecutor.runWorker(ThreadPoolExecutor.java:1144)
at java.base/java.util.concurrent.ThreadPoolExecutor$Worker.run(ThreadPoolExecutor.java:642)
at java.base/java.lang.Thread.run(Thread.java:1583)
... Removed 12 stack frames]]>
    </failure>
  </testcase> <!-- EmptyTryeditorBinTreeTrav -->
  <testcase classname="testCases.LinkedList_TestCase" name="ImpLLEmptyTryHereFunc" time="1.846">
    <skipped/>
  </testcase> <!-- ImpLLEmptyTryHereFunc -->
  <testcase classname="testCases.Queue_TestCase" name="ImpqueueEmptyTryHereFunc" time="11.342">
    <skipped/>
  </testcase> <!-- ImpqueueEmptyTryHereFunc -->
  <testcase classname="testCases.LinkedList_TestCase" name="ImpLLEmptyTryHereFunc" time="2.434">
    <skipped/>
  </testcase> <!-- ImpLLEmptyTryHereFunc -->
  <testcase classname="testCases.Tree_TestCase" name="EmptyTryeditorIBST" time="9.957">
    <skipped/>
  </testcase> <!-- EmptyTryeditorIBST -->
  <testcase classname="testCases.Queue_TestCase" name="ImpqueueEmptyTryHereFunc" time="1.221">
    <failure type="java.lang.AssertionError" message="Alert is not present">
      <![CDATA[java.lang.AssertionError: Alert is not present
at testCases.Queue_TestCase.ImpqueueEmptyTryHereFunc(Queue_TestCase.java:129)
at java.base/java.util.concurrent.Executors$RunnableAdapter.call(Executors.java:572)
at java.base/java.util.concurrent.FutureTask.run(FutureTask.java:317)
at java.base/java.util.concurrent.ThreadPoolExecutor.runWorker(ThreadPoolExecutor.java:1144)
at java.base/java.util.concurrent.ThreadPoolExecutor$Worker.run(ThreadPoolExecutor.java:642)
at java.base/java.lang.Thread.run(Thread.java:1583)
... Removed 12 stack frames]]>
    </failure>
  </testcase> <!-- ImpqueueEmptyTryHereFunc -->
  <testcase classname="testCases.Tree_TestCase" name="EmptyTryeditorIBST" time="1.256">
    <skipped/>
  </testcase> <!-- EmptyTryeditorIBST -->
  <testcase classname="testCases.LinkedList_TestCase" name="ImpLLEmptyTryHereFunc" time="1.171">
    <failure type="java.lang.AssertionError" message="Alert is not present">
      <![CDATA[java.lang.AssertionError: Alert is not present
at testCases.LinkedList_TestCase.ImpLLEmptyTryHereFunc(LinkedList_TestCase.java:346)
at java.base/java.util.concurrent.Executors$RunnableAdapter.call(Executors.java:572)
at java.base/java.util.concurrent.FutureTask.run(FutureTask.java:317)
at java.base/java.util.concurrent.ThreadPoolExecutor.runWorker(ThreadPoolExecutor.java:1144)
at java.base/java.util.concurrent.ThreadPoolExecutor$Worker.run(ThreadPoolExecutor.java:642)
at java.base/java.lang.Thread.run(Thread.java:1583)
... Removed 12 stack frames]]>
    </failure>
  </testcase> <!-- ImpLLEmptyTryHereFunc -->
  <testcase classname="testCases.Tree_TestCase" name="EmptyTryeditorIBST" time="0.966">
    <skipped/>
  </testcase> <!-- EmptyTryeditorIBST -->
  <testcase classname="testCases.Queue_TestCase" name="ImpqueueInValidTryHereFunc" time="1.285"/>
  <testcase classname="testCases.LinkedList_TestCase" name="ImpLLInValidTryHereFunc" time="1.443"/>
  <testcase classname="testCases.Queue_TestCase" name="ImpqueueInValidTryHereFunc" time="1.27"/>
  <testcase classname="testCases.Tree_TestCase" name="EmptyTryeditorIBST" time="1.044">
    <failure type="java.lang.AssertionError" message="Alert is not present">
      <![CDATA[java.lang.AssertionError: Alert is not present
at testCases.Tree_TestCase.EmptyTryeditorIBST(Tree_TestCase.java:1085)
at java.base/java.util.concurrent.Executors$RunnableAdapter.call(Executors.java:572)
at java.base/java.util.concurrent.FutureTask.run(FutureTask.java:317)
at java.base/java.util.concurrent.ThreadPoolExecutor.runWorker(ThreadPoolExecutor.java:1144)
at java.base/java.util.concurrent.ThreadPoolExecutor$Worker.run(ThreadPoolExecutor.java:642)
at java.base/java.lang.Thread.run(Thread.java:1583)
... Removed 12 stack frames]]>
    </failure>
  </testcase> <!-- EmptyTryeditorIBST -->
  <testcase classname="testCases.LinkedList_TestCase" name="ImpLLInValidTryHereFunc" time="1.495"/>
  <testcase classname="testCases.Queue_TestCase" name="ImpqueueValidTryHereFunc" time="1.468"/>
  <testcase classname="testCases.Tree_TestCase" name="EmptyTryeditorIBT" time="1.169">
    <skipped/>
  </testcase> <!-- EmptyTryeditorIBT -->
  <testcase classname="testCases.LinkedList_TestCase" name="ImpLLValidTryHereFunc" time="2.037"/>
  <testcase classname="testCases.Queue_TestCase" name="QueueOprEmptyTryHereFunc" time="1.134">
    <skipped/>
  </testcase> <!-- QueueOprEmptyTryHereFunc -->
  <testcase classname="testCases.Tree_TestCase" name="EmptyTryeditorIBT" time="1.149">
    <skipped/>
  </testcase> <!-- EmptyTryeditorIBT -->
  <testcase classname="testCases.LinkedList_TestCase" name="Insertion2TryEditor" time="1.181"/>
  <testcase classname="testCases.Queue_TestCase" name="QueueOprEmptyTryHereFunc" time="1.048">
    <skipped/>
  </testcase> <!-- QueueOprEmptyTryHereFunc -->
  <testcase classname="testCases.Tree_TestCase" name="EmptyTryeditorIBT" time="1.125">
    <skipped/>
  </testcase> <!-- EmptyTryeditorIBT -->
  <testcase classname="testCases.LinkedList_TestCase" name="InsertionEmptyTryHereFunc" time="0.938">
    <skipped/>
  </testcase> <!-- InsertionEmptyTryHereFunc -->
  <testcase classname="testCases.Queue_TestCase" name="QueueOprEmptyTryHereFunc" time="1.127">
    <skipped/>
  </testcase> <!-- QueueOprEmptyTryHereFunc -->
  <testcase classname="testCases.Tree_TestCase" name="EmptyTryeditorIBT" time="1.176">
    <failure type="java.lang.AssertionError" message="Alert is not present">
      <![CDATA[java.lang.AssertionError: Alert is not present
at testCases.Tree_TestCase.EmptyTryeditorIBT(Tree_TestCase.java:844)
at java.base/java.util.concurrent.Executors$RunnableAdapter.call(Executors.java:572)
at java.base/java.util.concurrent.FutureTask.run(FutureTask.java:317)
at java.base/java.util.concurrent.ThreadPoolExecutor.runWorker(ThreadPoolExecutor.java:1144)
at java.base/java.util.concurrent.ThreadPoolExecutor$Worker.run(ThreadPoolExecutor.java:642)
at java.base/java.lang.Thread.run(Thread.java:1583)
... Removed 12 stack frames]]>
    </failure>
  </testcase> <!-- EmptyTryeditorIBT -->
  <testcase classname="testCases.LinkedList_TestCase" name="InsertionEmptyTryHereFunc" time="1.345">
    <skipped/>
  </testcase> <!-- InsertionEmptyTryHereFunc -->
  <testcase classname="testCases.Queue_TestCase" name="QueueOprEmptyTryHereFunc" time="1.202">
    <failure type="java.lang.AssertionError" message="Alert is not present">
      <![CDATA[java.lang.AssertionError: Alert is not present
at testCases.Queue_TestCase.QueueOprEmptyTryHereFunc(Queue_TestCase.java:318)
at java.base/java.util.concurrent.Executors$RunnableAdapter.call(Executors.java:572)
at java.base/java.util.concurrent.FutureTask.run(FutureTask.java:317)
at java.base/java.util.concurrent.ThreadPoolExecutor.runWorker(ThreadPoolExecutor.java:1144)
at java.base/java.util.concurrent.ThreadPoolExecutor$Worker.run(ThreadPoolExecutor.java:642)
at java.base/java.lang.Thread.run(Thread.java:1583)
... Removed 12 stack frames]]>
    </failure>
  </testcase> <!-- QueueOprEmptyTryHereFunc -->
  <testcase classname="testCases.Tree_TestCase" name="EmptyTryeditorImpinBT" time="1.147">
    <skipped/>
  </testcase> <!-- EmptyTryeditorImpinBT -->
  <testcase classname="testCases.LinkedList_TestCase" name="InsertionEmptyTryHereFunc" time="1.243">
    <skipped/>
  </testcase> <!-- InsertionEmptyTryHereFunc -->
  <testcase classname="testCases.Queue_TestCase" name="QueueOprInValidTryHereFunc" time="1.444"/>
  <testcase classname="testCases.Tree_TestCase" name="EmptyTryeditorImpinBT" time="1.328">
    <skipped/>
  </testcase> <!-- EmptyTryeditorImpinBT -->
  <testcase classname="testCases.LinkedList_TestCase" name="InsertionEmptyTryHereFunc" time="0.982">
    <failure type="java.lang.AssertionError" message="Alert is not present">
      <![CDATA[java.lang.AssertionError: Alert is not present
at testCases.LinkedList_TestCase.InsertionEmptyTryHereFunc(LinkedList_TestCase.java:471)
at java.base/java.util.concurrent.Executors$RunnableAdapter.call(Executors.java:572)
at java.base/java.util.concurrent.FutureTask.run(FutureTask.java:317)
at java.base/java.util.concurrent.ThreadPoolExecutor.runWorker(ThreadPoolExecutor.java:1144)
at java.base/java.util.concurrent.ThreadPoolExecutor$Worker.run(ThreadPoolExecutor.java:642)
at java.base/java.lang.Thread.run(Thread.java:1583)
... Removed 12 stack frames]]>
    </failure>
  </testcase> <!-- InsertionEmptyTryHereFunc -->
  <testcase classname="testCases.Queue_TestCase" name="QueueOprInValidTryHereFunc" time="1.089"/>
  <testcase classname="testCases.Tree_TestCase" name="EmptyTryeditorImpinBT" time="0.94">
    <skipped/>
  </testcase> <!-- EmptyTryeditorImpinBT -->
  <testcase classname="testCases.Queue_TestCase" name="QueueOprValidTryHereFunc" time="1.321"/>
  <testcase classname="testCases.LinkedList_TestCase" name="InsertionInValidTryHereFunc" time="1.261"/>
  <testcase classname="testCases.Tree_TestCase" name="EmptyTryeditorImpinBT" time="1.122">
    <failure type="java.lang.AssertionError" message="Alert is not present">
      <![CDATA[java.lang.AssertionError: Alert is not present
at testCases.Tree_TestCase.EmptyTryeditorImpinBT(Tree_TestCase.java:687)
at java.base/java.util.concurrent.Executors$RunnableAdapter.call(Executors.java:572)
at java.base/java.util.concurrent.FutureTask.run(FutureTask.java:317)
at java.base/java.util.concurrent.ThreadPoolExecutor.runWorker(ThreadPoolExecutor.java:1144)
at java.base/java.util.concurrent.ThreadPoolExecutor$Worker.run(ThreadPoolExecutor.java:642)
at java.base/java.lang.Thread.run(Thread.java:1583)
... Removed 12 stack frames]]>
    </failure>
  </testcase> <!-- EmptyTryeditorImpinBT -->
  <testcase classname="testCases.Queue_TestCase" name="queue2ImpCollection" time="0.447"/>
  <testcase classname="testCases.LinkedList_TestCase" name="InsertionInValidTryHereFunc" time="1.304"/>
  <testcase classname="testCases.Tree_TestCase" name="EmptyTryeditorOverview" time="1.039">
    <skipped/>
  </testcase> <!-- EmptyTryeditorOverview -->
  <testcase classname="testCases.Queue_TestCase" name="queue2Imparray" time="0.426"/>
  <testcase classname="testCases.Tree_TestCase" name="EmptyTryeditorOverview" time="1.315">
    <skipped/>
  </testcase> <!-- EmptyTryeditorOverview -->
  <testcase classname="testCases.LinkedList_TestCase" name="InsertionValidTryHereFunc" time="1.733"/>
  <testcase classname="testCases.Queue_TestCase" name="queue2Impqueue" time="0.452"/>
  <testcase classname="testCases.LinkedList_TestCase" name="LL2CreateLL" time="0.446"/>
  <testcase classname="testCases.Queue_TestCase" name="queue2queueOperation" time="0.367"/>
  <testcase classname="testCases.Tree_TestCase" name="EmptyTryeditorOverview" time="1.086">
    <skipped/>
  </testcase> <!-- EmptyTryeditorOverview -->
  <testcase classname="testCases.LinkedList_TestCase" name="LL2Deletion" time="0.5"/>
  <testcase classname="testCases.Tree_TestCase" name="EmptyTryeditorOverview" time="1.159">
    <failure type="java.lang.AssertionError" message="Alert is not present">
      <![CDATA[java.lang.AssertionError: Alert is not present
at testCases.Tree_TestCase.EmptyTryeditorOverview(Tree_TestCase.java:127)
at java.base/java.util.concurrent.Executors$RunnableAdapter.call(Executors.java:572)
at java.base/java.util.concurrent.FutureTask.run(FutureTask.java:317)
at java.base/java.util.concurrent.ThreadPoolExecutor.runWorker(ThreadPoolExecutor.java:1144)
at java.base/java.util.concurrent.ThreadPoolExecutor$Worker.run(ThreadPoolExecutor.java:642)
at java.base/java.lang.Thread.run(Thread.java:1583)
... Removed 12 stack frames]]>
    </failure>
  </testcase> <!-- EmptyTryeditorOverview -->
  <testcase classname="testCases.Queue_TestCase" name="queue2signout" time="2.636"/>
  <testcase classname="testCases.LinkedList_TestCase" name="LL2ImpLL" time="0.387"/>
  <testcase classname="testCases.Tree_TestCase" name="EmptyTryeditorTerminologies" time="1.137">
    <skipped/>
  </testcase> <!-- EmptyTryeditorTerminologies -->
  <testcase classname="testCases.Queue_TestCase" name="queueOpr2tryeditor" time="0.887"/>
  <testcase classname="testCases.LinkedList_TestCase" name="LL2Insertion" time="0.431"/>
  <testcase classname="testCases.Tree_TestCase" name="EmptyTryeditorTerminologies" time="1.252">
    <skipped/>
  </testcase> <!-- EmptyTryeditorTerminologies -->
  <testcase classname="testCases.LinkedList_TestCase" name="LL2Intro" time="0.415"/>
  <testcase classname="testCases.Tree_TestCase" name="EmptyTryeditorTerminologies" time="0.963">
    <skipped/>
  </testcase> <!-- EmptyTryeditorTerminologies -->
  <testcase classname="testCases.LinkedList_TestCase" name="LL2Traversal" time="0.321"/>
  <testcase classname="testCases.Tree_TestCase" name="EmptyTryeditorTerminologies" time="1.042">
    <failure type="java.lang.AssertionError" message="Alert is not present">
      <![CDATA[java.lang.AssertionError: Alert is not present
at testCases.Tree_TestCase.EmptyTryeditorTerminologies(Tree_TestCase.java:210)
at java.base/java.util.concurrent.Executors$RunnableAdapter.call(Executors.java:572)
at java.base/java.util.concurrent.FutureTask.run(FutureTask.java:317)
at java.base/java.util.concurrent.ThreadPoolExecutor.runWorker(ThreadPoolExecutor.java:1144)
at java.base/java.util.concurrent.ThreadPoolExecutor$Worker.run(ThreadPoolExecutor.java:642)
at java.base/java.lang.Thread.run(Thread.java:1583)
... Removed 12 stack frames]]>
    </failure>
  </testcase> <!-- EmptyTryeditorTerminologies -->
  <testcase classname="testCases.LinkedList_TestCase" name="LL2TypesLL" time="0.565"/>
  <testcase classname="testCases.Tree_TestCase" name="EmptyTryeditorTravelsIllus" time="0.981">
    <skipped/>
  </testcase> <!-- EmptyTryeditorTravelsIllus -->
  <testcase classname="testCases.LinkedList_TestCase" name="LLIntro2PracticeQues" time="0.728"/>
  <testcase classname="testCases.Tree_TestCase" name="EmptyTryeditorTravelsIllus" time="1.148">
    <skipped/>
  </testcase> <!-- EmptyTryeditorTravelsIllus -->
  <testcase classname="testCases.LinkedList_TestCase" name="LLIntro2TryEditor" time="0.974"/>
  <testcase classname="testCases.Tree_TestCase" name="EmptyTryeditorTravelsIllus" time="0.961">
    <skipped/>
  </testcase> <!-- EmptyTryeditorTravelsIllus -->
  <testcase classname="testCases.LinkedList_TestCase" name="LLIntroEmptyTryHereFunc" time="1.255">
    <skipped/>
  </testcase> <!-- LLIntroEmptyTryHereFunc -->
  <testcase classname="testCases.Tree_TestCase" name="EmptyTryeditorTravelsIllus" time="1.108">
    <failure type="java.lang.AssertionError" message="Alert is not present">
      <![CDATA[java.lang.AssertionError: Alert is not present
at testCases.Tree_TestCase.EmptyTryeditorTravelsIllus(Tree_TestCase.java:451)
at java.base/java.util.concurrent.Executors$RunnableAdapter.call(Executors.java:572)
at java.base/java.util.concurrent.FutureTask.run(FutureTask.java:317)
at java.base/java.util.concurrent.ThreadPoolExecutor.runWorker(ThreadPoolExecutor.java:1144)
at java.base/java.util.concurrent.ThreadPoolExecutor$Worker.run(ThreadPoolExecutor.java:642)
at java.base/java.lang.Thread.run(Thread.java:1583)
... Removed 12 stack frames]]>
    </failure>
  </testcase> <!-- EmptyTryeditorTravelsIllus -->
  <testcase classname="testCases.LinkedList_TestCase" name="LLIntroEmptyTryHereFunc" time="1.133">
    <skipped/>
  </testcase> <!-- LLIntroEmptyTryHereFunc -->
  <testcase classname="testCases.Tree_TestCase" name="EmptyTryeditorTreeTraversals" time="0.898">
    <skipped/>
  </testcase> <!-- EmptyTryeditorTreeTraversals -->
  <testcase classname="testCases.LinkedList_TestCase" name="LLIntroEmptyTryHereFunc" time="0.928">
    <skipped/>
  </testcase> <!-- LLIntroEmptyTryHereFunc -->
  <testcase classname="testCases.Tree_TestCase" name="EmptyTryeditorTreeTraversals" time="0.968">
    <skipped/>
  </testcase> <!-- EmptyTryeditorTreeTraversals -->
  <testcase classname="testCases.LinkedList_TestCase" name="LLIntroEmptyTryHereFunc" time="1.054">
    <failure type="java.lang.AssertionError" message="Alert is not present">
      <![CDATA[java.lang.AssertionError: Alert is not present
at testCases.LinkedList_TestCase.LLIntroEmptyTryHereFunc(LinkedList_TestCase.java:159)
at java.base/java.util.concurrent.Executors$RunnableAdapter.call(Executors.java:572)
at java.base/java.util.concurrent.FutureTask.run(FutureTask.java:317)
at java.base/java.util.concurrent.ThreadPoolExecutor.runWorker(ThreadPoolExecutor.java:1144)
at java.base/java.util.concurrent.ThreadPoolExecutor$Worker.run(ThreadPoolExecutor.java:642)
at java.base/java.lang.Thread.run(Thread.java:1583)
... Removed 12 stack frames]]>
    </failure>
  </testcase> <!-- LLIntroEmptyTryHereFunc -->
  <testcase classname="testCases.Tree_TestCase" name="EmptyTryeditorTreeTraversals" time="0.885">
    <skipped/>
  </testcase> <!-- EmptyTryeditorTreeTraversals -->
  <testcase classname="testCases.LinkedList_TestCase" name="LLIntroInValidTryHereFunc" time="1.272"/>
  <testcase classname="testCases.Tree_TestCase" name="EmptyTryeditorTreeTraversals" time="1.073">
    <failure type="java.lang.AssertionError" message="Alert is not present">
      <![CDATA[java.lang.AssertionError: Alert is not present
at testCases.Tree_TestCase.EmptyTryeditorTreeTraversals(Tree_TestCase.java:371)
at java.base/java.util.concurrent.Executors$RunnableAdapter.call(Executors.java:572)
at java.base/java.util.concurrent.FutureTask.run(FutureTask.java:317)
at java.base/java.util.concurrent.ThreadPoolExecutor.runWorker(ThreadPoolExecutor.java:1144)
at java.base/java.util.concurrent.ThreadPoolExecutor$Worker.run(ThreadPoolExecutor.java:642)
at java.base/java.lang.Thread.run(Thread.java:1583)
... Removed 12 stack frames]]>
    </failure>
  </testcase> <!-- EmptyTryeditorTreeTraversals -->
  <testcase classname="testCases.LinkedList_TestCase" name="LLIntroInValidTryHereFunc" time="1.113"/>
  <testcase classname="testCases.Tree_TestCase" name="EmptyTryeditorTypesofBT" time="1.411">
    <skipped/>
  </testcase> <!-- EmptyTryeditorTypesofBT -->
  <testcase classname="testCases.LinkedList_TestCase" name="LLIntroValidTryHereFunc" time="1.403"/>
  <testcase classname="testCases.Tree_TestCase" name="EmptyTryeditorTypesofBT" time="1.054">
    <skipped/>
  </testcase> <!-- EmptyTryeditorTypesofBT -->
  <testcase classname="testCases.LinkedList_TestCase" name="LLlogout" time="0.554"/>
  <testcase classname="testCases.Tree_TestCase" name="EmptyTryeditorTypesofBT" time="0.998">
    <skipped/>
  </testcase> <!-- EmptyTryeditorTypesofBT -->
  <testcase classname="testCases.LinkedList_TestCase" name="Traversal2TryEditor" time="0.878"/>
  <testcase classname="testCases.Tree_TestCase" name="EmptyTryeditorTypesofBT" time="1.114">
    <failure type="java.lang.AssertionError" message="Alert is not present">
      <![CDATA[java.lang.AssertionError: Alert is not present
at testCases.Tree_TestCase.EmptyTryeditorTypesofBT(Tree_TestCase.java:607)
at java.base/java.util.concurrent.Executors$RunnableAdapter.call(Executors.java:572)
at java.base/java.util.concurrent.FutureTask.run(FutureTask.java:317)
at java.base/java.util.concurrent.ThreadPoolExecutor.runWorker(ThreadPoolExecutor.java:1144)
at java.base/java.util.concurrent.ThreadPoolExecutor$Worker.run(ThreadPoolExecutor.java:642)
at java.base/java.lang.Thread.run(Thread.java:1583)
... Removed 12 stack frames]]>
    </failure>
  </testcase> <!-- EmptyTryeditorTypesofBT -->
  <testcase classname="testCases.LinkedList_TestCase" name="TraversalEmptyTryHereFunc" time="1.003">
    <skipped/>
  </testcase> <!-- TraversalEmptyTryHereFunc -->
  <testcase classname="testCases.Tree_TestCase" name="EmptyTryeditorTypesofTrees" time="0.846">
    <skipped/>
  </testcase> <!-- EmptyTryeditorTypesofTrees -->
  <testcase classname="testCases.LinkedList_TestCase" name="TraversalEmptyTryHereFunc" time="0.974">
    <skipped/>
  </testcase> <!-- TraversalEmptyTryHereFunc -->
  <testcase classname="testCases.Tree_TestCase" name="EmptyTryeditorTypesofTrees" time="0.94">
    <skipped/>
  </testcase> <!-- EmptyTryeditorTypesofTrees -->
  <testcase classname="testCases.LinkedList_TestCase" name="TraversalEmptyTryHereFunc" time="0.887">
    <skipped/>
  </testcase> <!-- TraversalEmptyTryHereFunc -->
  <testcase classname="testCases.Tree_TestCase" name="EmptyTryeditorTypesofTrees" time="1.175">
    <skipped/>
  </testcase> <!-- EmptyTryeditorTypesofTrees -->
  <testcase classname="testCases.LinkedList_TestCase" name="TraversalEmptyTryHereFunc" time="1.073">
    <failure type="java.lang.AssertionError" message="Alert is not present">
      <![CDATA[java.lang.AssertionError: Alert is not present
at testCases.LinkedList_TestCase.TraversalEmptyTryHereFunc(LinkedList_TestCase.java:409)
at java.base/java.util.concurrent.Executors$RunnableAdapter.call(Executors.java:572)
at java.base/java.util.concurrent.FutureTask.run(FutureTask.java:317)
at java.base/java.util.concurrent.ThreadPoolExecutor.runWorker(ThreadPoolExecutor.java:1144)
at java.base/java.util.concurrent.ThreadPoolExecutor$Worker.run(ThreadPoolExecutor.java:642)
at java.base/java.lang.Thread.run(Thread.java:1583)
... Removed 12 stack frames]]>
    </failure>
  </testcase> <!-- TraversalEmptyTryHereFunc -->
  <testcase classname="testCases.Tree_TestCase" name="EmptyTryeditorTypesofTrees" time="0.971">
    <failure type="java.lang.AssertionError" message="Alert is not present">
      <![CDATA[java.lang.AssertionError: Alert is not present
at testCases.Tree_TestCase.EmptyTryeditorTypesofTrees(Tree_TestCase.java:289)
at java.base/java.util.concurrent.Executors$RunnableAdapter.call(Executors.java:572)
at java.base/java.util.concurrent.FutureTask.run(FutureTask.java:317)
at java.base/java.util.concurrent.ThreadPoolExecutor.runWorker(ThreadPoolExecutor.java:1144)
at java.base/java.util.concurrent.ThreadPoolExecutor$Worker.run(ThreadPoolExecutor.java:642)
at java.base/java.lang.Thread.run(Thread.java:1583)
... Removed 12 stack frames]]>
    </failure>
  </testcase> <!-- EmptyTryeditorTypesofTrees -->
  <testcase classname="testCases.LinkedList_TestCase" name="TraversalInValidTryHereFunc" time="1.375"/>
  <testcase classname="testCases.Tree_TestCase" name="IBST" time="0.376"/>
  <testcase classname="testCases.LinkedList_TestCase" name="TraversalInValidTryHereFunc" time="1.104"/>
  <testcase classname="testCases.Tree_TestCase" name="IBT" time="0.354"/>
  <testcase classname="testCases.LinkedList_TestCase" name="TraversalValidTryHereFunc" time="1.376"/>
  <testcase classname="testCases.Tree_TestCase" name="ImpinBT" time="0.46"/>
  <testcase classname="testCases.LinkedList_TestCase" name="TypesLL2TryEditor" time="0.931"/>
  <testcase classname="testCases.Tree_TestCase" name="InvalidTryHereFunctionalityABT" time="1.293"/>
  <testcase classname="testCases.LinkedList_TestCase" name="TypesLLEmptyTryHereFunc" time="1.064">
    <skipped/>
  </testcase> <!-- TypesLLEmptyTryHereFunc -->
  <testcase classname="testCases.Tree_TestCase" name="InvalidTryHereFunctionalityABT" time="1.199"/>
  <testcase classname="testCases.LinkedList_TestCase" name="TypesLLEmptyTryHereFunc" time="0.881">
    <skipped/>
  </testcase> <!-- TypesLLEmptyTryHereFunc -->
  <testcase classname="testCases.Tree_TestCase" name="InvalidTryHereFunctionalityBST" time="1.093"/>
  <testcase classname="testCases.LinkedList_TestCase" name="TypesLLEmptyTryHereFunc" time="0.911">
    <skipped/>
  </testcase> <!-- TypesLLEmptyTryHereFunc -->
  <testcase classname="testCases.Tree_TestCase" name="InvalidTryHereFunctionalityBST" time="0.982"/>
  <testcase classname="testCases.Tree_TestCase" name="InvalidTryHereFunctionalityBT" time="1.094"/>
  <testcase classname="testCases.LinkedList_TestCase" name="TypesLLEmptyTryHereFunc" time="0.941">
    <failure type="java.lang.AssertionError" message="Alert is not present">
      <![CDATA[java.lang.AssertionError: Alert is not present
at testCases.LinkedList_TestCase.TypesLLEmptyTryHereFunc(LinkedList_TestCase.java:284)
at java.base/java.util.concurrent.Executors$RunnableAdapter.call(Executors.java:572)
at java.base/java.util.concurrent.FutureTask.run(FutureTask.java:317)
at java.base/java.util.concurrent.ThreadPoolExecutor.runWorker(ThreadPoolExecutor.java:1144)
at java.base/java.util.concurrent.ThreadPoolExecutor$Worker.run(ThreadPoolExecutor.java:642)
at java.base/java.lang.Thread.run(Thread.java:1583)
... Removed 12 stack frames]]>
    </failure>
  </testcase> <!-- TypesLLEmptyTryHereFunc -->
  <testcase classname="testCases.Tree_TestCase" name="InvalidTryHereFunctionalityBT" time="1.028"/>
  <testcase classname="testCases.LinkedList_TestCase" name="TypesLLInValidTryHereFunc" time="1.156"/>
  <testcase classname="testCases.Tree_TestCase" name="InvalidTryHereFunctionalityBinTreeTrav" time="1.331"/>
  <testcase classname="testCases.LinkedList_TestCase" name="TypesLLInValidTryHereFunc" time="1.332"/>
  <testcase classname="testCases.Tree_TestCase" name="InvalidTryHereFunctionalityBinTreeTrav" time="1.394"/>
  <testcase classname="testCases.LinkedList_TestCase" name="TypesLLValidTryHereFunc" time="1.356"/>
  <testcase classname="testCases.Tree_TestCase" name="InvalidTryHereFunctionalityIBST" time="1.318"/>
  <testcase classname="testCases.Tree_TestCase" name="InvalidTryHereFunctionalityIBST" time="1.346"/>
  <testcase classname="testCases.Tree_TestCase" name="InvalidTryHereFunctionalityIBT" time="1.152"/>
  <testcase classname="testCases.Tree_TestCase" name="InvalidTryHereFunctionalityIBT" time="1.13"/>
  <testcase classname="testCases.Tree_TestCase" name="InvalidTryHereFunctionalityImpinBT" time="1.487"/>
  <testcase classname="testCases.Tree_TestCase" name="InvalidTryHereFunctionalityImpinBT" time="1.434"/>
  <testcase classname="testCases.Tree_TestCase" name="InvalidTryHereFunctionalityOverview" time="1.331"/>
  <testcase classname="testCases.Tree_TestCase" name="InvalidTryHereFunctionalityOverview" time="1.528"/>
  <testcase classname="testCases.Tree_TestCase" name="InvalidTryHereFunctionalityTYpesofTrees" time="1.128"/>
  <testcase classname="testCases.Tree_TestCase" name="InvalidTryHereFunctionalityTYpesofTrees" time="1.232"/>
  <testcase classname="testCases.Tree_TestCase" name="InvalidTryHereFunctionalityTerm" time="1.59"/>
  <testcase classname="testCases.Tree_TestCase" name="InvalidTryHereFunctionalityTerm" time="1.476"/>
  <testcase classname="testCases.Tree_TestCase" name="InvalidTryHereFunctionalityTraversalsIllus" time="1.634"/>
  <testcase classname="testCases.Tree_TestCase" name="InvalidTryHereFunctionalityTraversalsIllus" time="1.066"/>
  <testcase classname="testCases.Tree_TestCase" name="InvalidTryHereFunctionalityTreeTraversals" time="1.263"/>
  <testcase classname="testCases.Tree_TestCase" name="InvalidTryHereFunctionalityTreeTraversals" time="1.057"/>
  <testcase classname="testCases.Tree_TestCase" name="InvalidTryHereFunctionalityTypesofBT" time="1.411"/>
  <testcase classname="testCases.Tree_TestCase" name="InvalidTryHereFunctionalityTypesofBT" time="1.199"/>
  <testcase classname="testCases.Tree_TestCase" name="LogOut" time="0.739"/>
  <testcase classname="testCases.Tree_TestCase" name="NavtoOverviewofTrees" time="0.426"/>
  <testcase classname="testCases.Tree_TestCase" name="NavtoTryherepg" time="1.217"/>
  <testcase classname="testCases.Tree_TestCase" name="NavtoTryherepgABT" time="1.075"/>
  <testcase classname="testCases.Tree_TestCase" name="NavtoTryherepgBST" time="1.273"/>
  <testcase classname="testCases.Tree_TestCase" name="NavtoTryherepgBT" time="1.003"/>
  <testcase classname="testCases.Tree_TestCase" name="NavtoTryherepgBinTreeTrav" time="0.93"/>
  <testcase classname="testCases.Tree_TestCase" name="NavtoTryherepgIBST" time="1.03"/>
  <testcase classname="testCases.Tree_TestCase" name="NavtoTryherepgIBT" time="1.118"/>
  <testcase classname="testCases.Tree_TestCase" name="NavtoTryherepgImpinBT" time="1.147"/>
  <testcase classname="testCases.Tree_TestCase" name="NavtoTryherepgTermimology" time="1.28"/>
  <testcase classname="testCases.Tree_TestCase" name="NavtoTryherepgTravelsIllus" time="1.118"/>
  <testcase classname="testCases.Tree_TestCase" name="NavtoTryherepgTreeTraversals" time="0.99"/>
  <testcase classname="testCases.Tree_TestCase" name="NavtoTryherepgTypesofBT" time="1.107"/>
  <testcase classname="testCases.Tree_TestCase" name="NavtoTryherepgTypesofTrees" time="1.138"/>
  <testcase classname="testCases.Tree_TestCase" name="Practice" time="1.001"/>
  <testcase classname="testCases.Tree_TestCase" name="Terminologies" time="0.432"/>
  <testcase classname="testCases.Tree_TestCase" name="TravelsIllus" time="0.481"/>
  <testcase classname="testCases.Tree_TestCase" name="TreeTraversals" time="0.401"/>
  <testcase classname="testCases.Tree_TestCase" name="TypesofBT" time="0.472"/>
  <testcase classname="testCases.Tree_TestCase" name="TypesofTrees" time="0.384"/>
  <testcase classname="testCases.Tree_TestCase" name="ValidTryHereFunctionalityABT" time="1.952"/>
  <testcase classname="testCases.Tree_TestCase" name="ValidTryHereFunctionalityBST" time="1.56"/>
  <testcase classname="testCases.Tree_TestCase" name="ValidTryHereFunctionalityBT" time="1.614"/>
  <testcase classname="testCases.Tree_TestCase" name="ValidTryHereFunctionalityBinTreeTrav" time="1.422"/>
  <testcase classname="testCases.Tree_TestCase" name="ValidTryHereFunctionalityIBST" time="1.525"/>
  <testcase classname="testCases.Tree_TestCase" name="ValidTryHereFunctionalityIBT" time="3.036"/>
  <testcase classname="testCases.Tree_TestCase" name="ValidTryHereFunctionalityImpinBT" time="1.416"/>
  <testcase classname="testCases.Tree_TestCase" name="ValidTryHereFunctionalityOverview" time="1.08"/>
  <testcase classname="testCases.Tree_TestCase" name="ValidTryHereFunctionalityTerm" time="1.738"/>
  <testcase classname="testCases.Tree_TestCase" name="ValidTryHereFunctionalityTraversalsIllus" time="2.726"/>
  <testcase classname="testCases.Tree_TestCase" name="ValidTryHereFunctionalityTreeTraversals" time="1.527"/>
  <testcase classname="testCases.Tree_TestCase" name="ValidTryHereFunctionalityTypesofBT" time="1.529"/>
  <testcase classname="testCases.Tree_TestCase" name="ValidTryHereFunctionalityTypesoftrees" time="1.416"/>
</testsuite> <!-- TestChrome -->
