<?xml version="1.0" encoding="UTF-8"?>
<testng-results retried="96" ignored="96" total="530" passed="306" failed="32" skipped="0">
  <reporter-output>
    <line>
      <![CDATA[Screenshot saved at: C:\Users\12017\Desktop\MurugaKaapathu\AS_testNG\screenshots\InvalidRegister.png]]>
    </line>
    <line>
      <![CDATA[Screenshot saved at: C:\Users\12017\Desktop\MurugaKaapathu\AS_testNG\screenshots\InvalidRegister.png]]>
    </line>
    <line>
      <![CDATA[Screenshot saved at: C:\Users\12017\Desktop\MurugaKaapathu\AS_testNG\screenshots\InvalidRegister.png]]>
    </line>
    <line>
      <![CDATA[Screenshot saved at: C:\Users\12017\Desktop\MurugaKaapathu\AS_testNG\screenshots\EmptyTryeditorABT.png]]>
    </line>
    <line>
      <![CDATA[Screenshot saved at: C:\Users\12017\Desktop\MurugaKaapathu\AS_testNG\screenshots\EmptyTryeditorBST.png]]>
    </line>
    <line>
      <![CDATA[Screenshot saved at: C:\Users\12017\Desktop\MurugaKaapathu\AS_testNG\screenshots\EmptyTryeditorBT.png]]>
    </line>
    <line>
      <![CDATA[Screenshot saved at: C:\Users\12017\Desktop\MurugaKaapathu\AS_testNG\screenshots\EmptyTryeditorBinTreeTrav.png]]>
    </line>
    <line>
      <![CDATA[Screenshot saved at: C:\Users\12017\Desktop\MurugaKaapathu\AS_testNG\screenshots\EmptyTryeditorIBST.png]]>
    </line>
    <line>
      <![CDATA[Screenshot saved at: C:\Users\12017\Desktop\MurugaKaapathu\AS_testNG\screenshots\EmptyTryeditorIBT.png]]>
    </line>
    <line>
      <![CDATA[Screenshot saved at: C:\Users\12017\Desktop\MurugaKaapathu\AS_testNG\screenshots\EmptyTryeditorImpinBT.png]]>
    </line>
    <line>
      <![CDATA[Screenshot saved at: C:\Users\12017\Desktop\MurugaKaapathu\AS_testNG\screenshots\EmptyTryeditorOverview.png]]>
    </line>
    <line>
      <![CDATA[Screenshot saved at: C:\Users\12017\Desktop\MurugaKaapathu\AS_testNG\screenshots\EmptyTryeditorTerminologies.png]]>
    </line>
    <line>
      <![CDATA[Screenshot saved at: C:\Users\12017\Desktop\MurugaKaapathu\AS_testNG\screenshots\EmptyTryeditorTravelsIllus.png]]>
    </line>
    <line>
      <![CDATA[Screenshot saved at: C:\Users\12017\Desktop\MurugaKaapathu\AS_testNG\screenshots\EmptyTryeditorTreeTraversals.png]]>
    </line>
    <line>
      <![CDATA[Screenshot saved at: C:\Users\12017\Desktop\MurugaKaapathu\AS_testNG\screenshots\EmptyTryeditorTypesofBT.png]]>
    </line>
    <line>
      <![CDATA[Screenshot saved at: C:\Users\12017\Desktop\MurugaKaapathu\AS_testNG\screenshots\EmptyTryeditorTypesofTrees.png]]>
    </line>
    <line>
      <![CDATA[Screenshot saved at: C:\Users\12017\Desktop\MurugaKaapathu\AS_testNG\screenshots\InvalidRegister.png]]>
    </line>
    <line>
      <![CDATA[Screenshot saved at: C:\Users\12017\Desktop\MurugaKaapathu\AS_testNG\screenshots\InvalidRegister.png]]>
    </line>
    <line>
      <![CDATA[Screenshot saved at: C:\Users\12017\Desktop\MurugaKaapathu\AS_testNG\screenshots\InvalidRegister.png]]>
    </line>
    <line>
      <![CDATA[Screenshot saved at: C:\Users\12017\Desktop\MurugaKaapathu\AS_testNG\screenshots\EmptyTryeditorABT.png]]>
    </line>
    <line>
      <![CDATA[Screenshot saved at: C:\Users\12017\Desktop\MurugaKaapathu\AS_testNG\screenshots\EmptyTryeditorBST.png]]>
    </line>
    <line>
      <![CDATA[Screenshot saved at: C:\Users\12017\Desktop\MurugaKaapathu\AS_testNG\screenshots\EmptyTryeditorBT.png]]>
    </line>
    <line>
      <![CDATA[Screenshot saved at: C:\Users\12017\Desktop\MurugaKaapathu\AS_testNG\screenshots\EmptyTryeditorBinTreeTrav.png]]>
    </line>
    <line>
      <![CDATA[Screenshot saved at: C:\Users\12017\Desktop\MurugaKaapathu\AS_testNG\screenshots\EmptyTryeditorIBST.png]]>
    </line>
    <line>
      <![CDATA[Screenshot saved at: C:\Users\12017\Desktop\MurugaKaapathu\AS_testNG\screenshots\EmptyTryeditorIBT.png]]>
    </line>
    <line>
      <![CDATA[Screenshot saved at: C:\Users\12017\Desktop\MurugaKaapathu\AS_testNG\screenshots\EmptyTryeditorImpinBT.png]]>
    </line>
    <line>
      <![CDATA[Screenshot saved at: C:\Users\12017\Desktop\MurugaKaapathu\AS_testNG\screenshots\EmptyTryeditorOverview.png]]>
    </line>
    <line>
      <![CDATA[Screenshot saved at: C:\Users\12017\Desktop\MurugaKaapathu\AS_testNG\screenshots\EmptyTryeditorTerminologies.png]]>
    </line>
    <line>
      <![CDATA[Screenshot saved at: C:\Users\12017\Desktop\MurugaKaapathu\AS_testNG\screenshots\EmptyTryeditorTravelsIllus.png]]>
    </line>
    <line>
      <![CDATA[Screenshot saved at: C:\Users\12017\Desktop\MurugaKaapathu\AS_testNG\screenshots\EmptyTryeditorTreeTraversals.png]]>
    </line>
    <line>
      <![CDATA[Screenshot saved at: C:\Users\12017\Desktop\MurugaKaapathu\AS_testNG\screenshots\EmptyTryeditorTypesofBT.png]]>
    </line>
    <line>
      <![CDATA[Screenshot saved at: C:\Users\12017\Desktop\MurugaKaapathu\AS_testNG\screenshots\EmptyTryeditorTypesofTrees.png]]>
    </line>
  </reporter-output>
  <suite started-at="2025-01-11T22:11:10 CST" name="Suite" finished-at="2025-01-11T22:28:06 CST" duration-ms="1015339">
    <groups>
    </groups>
    <test started-at="2025-01-11T22:11:10 CST" name="TestEdge" finished-at="2025-01-11T22:19:45 CST" duration-ms="514617">
      <class name="testCases.Tree_TestCase">
        <test-method is-config="true" signature="AsetUpDriver(java.lang.String)[pri:0, instance:testCases.Tree_TestCase@7f8a9499]" started-at="2025-01-11T22:11:11 CST" name="AsetUpDriver" finished-at="2025-01-11T22:11:21 CST" duration-ms="10572" status="PASS">
          <params>
            <param index="0">
              <value>
                <![CDATA[edge]]>
              </value>
            </param>
          </params>
          <reporter-output>
          </reporter-output>
        </test-method> <!-- AsetUpDriver -->
        <test-method is-config="true" signature="setupExcel()[pri:0, instance:testCases.Tree_TestCase@7f8a9499]" started-at="2025-01-11T22:11:21 CST" name="setupExcel" finished-at="2025-01-11T22:11:27 CST" duration-ms="5468" status="PASS">
          <reporter-output>
          </reporter-output>
        </test-method> <!-- setupExcel -->
        <test-method is-config="true" signature="setup()[pri:0, instance:testCases.Tree_TestCase@7f8a9499]" started-at="2025-01-11T22:11:27 CST" name="setup" finished-at="2025-01-11T22:11:34 CST" duration-ms="7206" status="PASS">
          <reporter-output>
          </reporter-output>
        </test-method> <!-- setup -->
        <test-method signature="ABT()[pri:0, instance:testCases.Tree_TestCase@7f8a9499]" started-at="2025-01-11T22:11:34 CST" name="ABT" finished-at="2025-01-11T22:11:36 CST" duration-ms="1651" status="PASS">
          <reporter-output>
          </reporter-output>
        </test-method> <!-- ABT -->
        <test-method is-config="true" signature="closeup(org.testng.ITestResult)[pri:0, instance:testCases.Tree_TestCase@7f8a9499]" started-at="2025-01-11T22:11:36 CST" name="closeup" finished-at="2025-01-11T22:11:37 CST" duration-ms="1909" status="PASS">
          <params>
            <param index="0">
              <value>
                <![CDATA[[TestResult name=ABT status=SUCCESS method=Tree_TestCase.ABT()[pri:0, instance:testCases.Tree_TestCase@7f8a9499] output={null}]]]>
              </value>
            </param>
          </params>
          <reporter-output>
          </reporter-output>
        </test-method> <!-- closeup -->
        <test-method is-config="true" signature="setup()[pri:0, instance:testCases.Tree_TestCase@7f8a9499]" started-at="2025-01-11T22:11:38 CST" name="setup" finished-at="2025-01-11T22:11:46 CST" duration-ms="8165" status="PASS">
          <reporter-output>
          </reporter-output>
        </test-method> <!-- setup -->
        <test-method signature="BST()[pri:0, instance:testCases.Tree_TestCase@7f8a9499]" started-at="2025-01-11T22:11:46 CST" name="BST" finished-at="2025-01-11T22:11:49 CST" duration-ms="3032" status="PASS">
          <reporter-output>
          </reporter-output>
        </test-method> <!-- BST -->
        <test-method is-config="true" signature="closeup(org.testng.ITestResult)[pri:0, instance:testCases.Tree_TestCase@7f8a9499]" started-at="2025-01-11T22:11:49 CST" name="closeup" finished-at="2025-01-11T22:11:51 CST" duration-ms="2145" status="PASS">
          <params>
            <param index="0">
              <value>
                <![CDATA[[TestResult name=BST status=SUCCESS method=Tree_TestCase.BST()[pri:0, instance:testCases.Tree_TestCase@7f8a9499] output={null}]]]>
              </value>
            </param>
          </params>
          <reporter-output>
          </reporter-output>
        </test-method> <!-- closeup -->
        <test-method is-config="true" signature="setup()[pri:0, instance:testCases.Tree_TestCase@7f8a9499]" started-at="2025-01-11T22:11:51 CST" name="setup" finished-at="2025-01-11T22:11:57 CST" duration-ms="6057" status="PASS">
          <reporter-output>
          </reporter-output>
        </test-method> <!-- setup -->
        <test-method signature="BibaryTree()[pri:0, instance:testCases.Tree_TestCase@7f8a9499]" started-at="2025-01-11T22:11:57 CST" name="BibaryTree" finished-at="2025-01-11T22:11:59 CST" duration-ms="1882" status="PASS">
          <reporter-output>
          </reporter-output>
        </test-method> <!-- BibaryTree -->
        <test-method is-config="true" signature="closeup(org.testng.ITestResult)[pri:0, instance:testCases.Tree_TestCase@7f8a9499]" started-at="2025-01-11T22:11:59 CST" name="closeup" finished-at="2025-01-11T22:12:01 CST" duration-ms="2119" status="PASS">
          <params>
            <param index="0">
              <value>
                <![CDATA[[TestResult name=BibaryTree status=SUCCESS method=Tree_TestCase.BibaryTree()[pri:0, instance:testCases.Tree_TestCase@7f8a9499] output={null}]]]>
              </value>
            </param>
          </params>
          <reporter-output>
          </reporter-output>
        </test-method> <!-- closeup -->
        <test-method is-config="true" signature="setup()[pri:0, instance:testCases.Tree_TestCase@7f8a9499]" started-at="2025-01-11T22:12:01 CST" name="setup" finished-at="2025-01-11T22:12:07 CST" duration-ms="6126" status="PASS">
          <reporter-output>
          </reporter-output>
        </test-method> <!-- setup -->
        <test-method signature="BinTreeTrav()[pri:0, instance:testCases.Tree_TestCase@7f8a9499]" started-at="2025-01-11T22:12:07 CST" name="BinTreeTrav" finished-at="2025-01-11T22:12:09 CST" duration-ms="1545" status="PASS">
          <reporter-output>
          </reporter-output>
        </test-method> <!-- BinTreeTrav -->
        <test-method is-config="true" signature="closeup(org.testng.ITestResult)[pri:0, instance:testCases.Tree_TestCase@7f8a9499]" started-at="2025-01-11T22:12:09 CST" name="closeup" finished-at="2025-01-11T22:12:10 CST" duration-ms="1475" status="PASS">
          <params>
            <param index="0">
              <value>
                <![CDATA[[TestResult name=BinTreeTrav status=SUCCESS method=Tree_TestCase.BinTreeTrav()[pri:0, instance:testCases.Tree_TestCase@7f8a9499] output={null}]]]>
              </value>
            </param>
          </params>
          <reporter-output>
          </reporter-output>
        </test-method> <!-- closeup -->
        <test-method is-config="true" signature="setup()[pri:0, instance:testCases.Tree_TestCase@7f8a9499]" started-at="2025-01-11T22:12:10 CST" name="setup" finished-at="2025-01-11T22:12:14 CST" duration-ms="4301" status="PASS">
          <reporter-output>
          </reporter-output>
        </test-method> <!-- setup -->
        <test-method retried="true" signature="EmptyTryeditorABT()[pri:0, instance:testCases.Tree_TestCase@7f8a9499]" started-at="2025-01-11T22:12:14 CST" name="EmptyTryeditorABT" finished-at="2025-01-11T22:12:25 CST" duration-ms="10320" status="SKIP">
          <exception class="java.lang.AssertionError">
            <message>
              <![CDATA[Alert is not present]]>
            </message>
            <full-stacktrace>
              <![CDATA[java.lang.AssertionError: Alert is not present
at org.testng.Assert.fail(Assert.java:111)
at testCases.Tree_TestCase.EmptyTryeditorABT(Tree_TestCase.java:922)
at java.base/jdk.internal.reflect.DirectMethodHandleAccessor.invoke(DirectMethodHandleAccessor.java:103)
at java.base/java.lang.reflect.Method.invoke(Method.java:580)
at org.testng.internal.invokers.MethodInvocationHelper.invokeMethod(MethodInvocationHelper.java:141)
at org.testng.internal.invokers.TestInvoker.invokeMethod(TestInvoker.java:686)
at org.testng.internal.invokers.TestInvoker.invokeTestMethod(TestInvoker.java:230)
at org.testng.internal.invokers.MethodRunner.runInSequence(MethodRunner.java:63)
at org.testng.internal.invokers.TestInvoker$MethodInvocationAgent.invoke(TestInvoker.java:992)
at org.testng.internal.invokers.TestInvoker.invokeTestMethods(TestInvoker.java:203)
at org.testng.internal.invokers.TestMethodWorker.invokeTestMethods(TestMethodWorker.java:154)
at org.testng.internal.invokers.TestMethodWorker.run(TestMethodWorker.java:134)
at java.base/java.util.concurrent.Executors$RunnableAdapter.call(Executors.java:572)
at java.base/java.util.concurrent.FutureTask.run(FutureTask.java:317)
at org.testng.internal.thread.graph.TestNGFutureTask.run(TestNGFutureTask.java:22)
at java.base/java.util.concurrent.ThreadPoolExecutor.runWorker(ThreadPoolExecutor.java:1144)
at java.base/java.util.concurrent.ThreadPoolExecutor$Worker.run(ThreadPoolExecutor.java:642)
at java.base/java.lang.Thread.run(Thread.java:1575)
]]>
            </full-stacktrace>
          </exception> <!-- java.lang.AssertionError -->
          <reporter-output>
          </reporter-output>
        </test-method> <!-- EmptyTryeditorABT -->
        <test-method is-config="true" signature="closeup(org.testng.ITestResult)[pri:0, instance:testCases.Tree_TestCase@7f8a9499]" started-at="2025-01-11T22:12:25 CST" name="closeup" finished-at="2025-01-11T22:12:26 CST" duration-ms="1697" status="PASS">
          <params>
            <param index="0">
              <value>
                <![CDATA[[TestResult name=EmptyTryeditorABT status=SKIP method=Tree_TestCase.EmptyTryeditorABT()[pri:0, instance:testCases.Tree_TestCase@7f8a9499] output={null}]]]>
              </value>
            </param>
          </params>
          <reporter-output>
          </reporter-output>
        </test-method> <!-- closeup -->
        <test-method is-config="true" signature="setup()[pri:0, instance:testCases.Tree_TestCase@7f8a9499]" started-at="2025-01-11T22:12:26 CST" name="setup" finished-at="2025-01-11T22:12:32 CST" duration-ms="5401" status="PASS">
          <reporter-output>
          </reporter-output>
        </test-method> <!-- setup -->
        <test-method retried="true" signature="EmptyTryeditorABT()[pri:0, instance:testCases.Tree_TestCase@7f8a9499]" started-at="2025-01-11T22:12:32 CST" name="EmptyTryeditorABT" finished-at="2025-01-11T22:12:34 CST" duration-ms="1715" status="SKIP">
          <exception class="java.lang.AssertionError">
            <message>
              <![CDATA[Alert is not present]]>
            </message>
            <full-stacktrace>
              <![CDATA[java.lang.AssertionError: Alert is not present
at org.testng.Assert.fail(Assert.java:111)
at testCases.Tree_TestCase.EmptyTryeditorABT(Tree_TestCase.java:922)
at java.base/jdk.internal.reflect.DirectMethodHandleAccessor.invoke(DirectMethodHandleAccessor.java:103)
at java.base/java.lang.reflect.Method.invoke(Method.java:580)
at org.testng.internal.invokers.MethodInvocationHelper.invokeMethod(MethodInvocationHelper.java:141)
at org.testng.internal.invokers.TestInvoker.invokeMethod(TestInvoker.java:686)
at org.testng.internal.invokers.TestInvoker.retryFailed(TestInvoker.java:269)
at org.testng.internal.invokers.MethodRunner.runInSequence(MethodRunner.java:76)
at org.testng.internal.invokers.TestInvoker$MethodInvocationAgent.invoke(TestInvoker.java:992)
at org.testng.internal.invokers.TestInvoker.invokeTestMethods(TestInvoker.java:203)
at org.testng.internal.invokers.TestMethodWorker.invokeTestMethods(TestMethodWorker.java:154)
at org.testng.internal.invokers.TestMethodWorker.run(TestMethodWorker.java:134)
at java.base/java.util.concurrent.Executors$RunnableAdapter.call(Executors.java:572)
at java.base/java.util.concurrent.FutureTask.run(FutureTask.java:317)
at org.testng.internal.thread.graph.TestNGFutureTask.run(TestNGFutureTask.java:22)
at java.base/java.util.concurrent.ThreadPoolExecutor.runWorker(ThreadPoolExecutor.java:1144)
at java.base/java.util.concurrent.ThreadPoolExecutor$Worker.run(ThreadPoolExecutor.java:642)
at java.base/java.lang.Thread.run(Thread.java:1575)
]]>
            </full-stacktrace>
          </exception> <!-- java.lang.AssertionError -->
          <reporter-output>
          </reporter-output>
        </test-method> <!-- EmptyTryeditorABT -->
        <test-method is-config="true" signature="closeup(org.testng.ITestResult)[pri:0, instance:testCases.Tree_TestCase@7f8a9499]" started-at="2025-01-11T22:12:34 CST" name="closeup" finished-at="2025-01-11T22:12:35 CST" duration-ms="979" status="PASS">
          <params>
            <param index="0">
              <value>
                <![CDATA[[TestResult name=EmptyTryeditorABT status=SKIP method=Tree_TestCase.EmptyTryeditorABT()[pri:0, instance:testCases.Tree_TestCase@7f8a9499] output={null}]]]>
              </value>
            </param>
          </params>
          <reporter-output>
          </reporter-output>
        </test-method> <!-- closeup -->
        <test-method is-config="true" signature="setup()[pri:0, instance:testCases.Tree_TestCase@7f8a9499]" started-at="2025-01-11T22:12:35 CST" name="setup" finished-at="2025-01-11T22:12:39 CST" duration-ms="4321" status="PASS">
          <reporter-output>
          </reporter-output>
        </test-method> <!-- setup -->
        <test-method retried="true" signature="EmptyTryeditorABT()[pri:0, instance:testCases.Tree_TestCase@7f8a9499]" started-at="2025-01-11T22:12:39 CST" name="EmptyTryeditorABT" finished-at="2025-01-11T22:12:40 CST" duration-ms="1437" status="SKIP">
          <exception class="java.lang.AssertionError">
            <message>
              <![CDATA[Alert is not present]]>
            </message>
            <full-stacktrace>
              <![CDATA[java.lang.AssertionError: Alert is not present
at org.testng.Assert.fail(Assert.java:111)
at testCases.Tree_TestCase.EmptyTryeditorABT(Tree_TestCase.java:922)
at java.base/jdk.internal.reflect.DirectMethodHandleAccessor.invoke(DirectMethodHandleAccessor.java:103)
at java.base/java.lang.reflect.Method.invoke(Method.java:580)
at org.testng.internal.invokers.MethodInvocationHelper.invokeMethod(MethodInvocationHelper.java:141)
at org.testng.internal.invokers.TestInvoker.invokeMethod(TestInvoker.java:686)
at org.testng.internal.invokers.TestInvoker.retryFailed(TestInvoker.java:269)
at org.testng.internal.invokers.MethodRunner.runInSequence(MethodRunner.java:76)
at org.testng.internal.invokers.TestInvoker$MethodInvocationAgent.invoke(TestInvoker.java:992)
at org.testng.internal.invokers.TestInvoker.invokeTestMethods(TestInvoker.java:203)
at org.testng.internal.invokers.TestMethodWorker.invokeTestMethods(TestMethodWorker.java:154)
at org.testng.internal.invokers.TestMethodWorker.run(TestMethodWorker.java:134)
at java.base/java.util.concurrent.Executors$RunnableAdapter.call(Executors.java:572)
at java.base/java.util.concurrent.FutureTask.run(FutureTask.java:317)
at org.testng.internal.thread.graph.TestNGFutureTask.run(TestNGFutureTask.java:22)
at java.base/java.util.concurrent.ThreadPoolExecutor.runWorker(ThreadPoolExecutor.java:1144)
at java.base/java.util.concurrent.ThreadPoolExecutor$Worker.run(ThreadPoolExecutor.java:642)
at java.base/java.lang.Thread.run(Thread.java:1575)
]]>
            </full-stacktrace>
          </exception> <!-- java.lang.AssertionError -->
          <reporter-output>
          </reporter-output>
        </test-method> <!-- EmptyTryeditorABT -->
        <test-method is-config="true" signature="closeup(org.testng.ITestResult)[pri:0, instance:testCases.Tree_TestCase@7f8a9499]" started-at="2025-01-11T22:12:40 CST" name="closeup" finished-at="2025-01-11T22:12:41 CST" duration-ms="804" status="PASS">
          <params>
            <param index="0">
              <value>
                <![CDATA[[TestResult name=EmptyTryeditorABT status=SKIP method=Tree_TestCase.EmptyTryeditorABT()[pri:0, instance:testCases.Tree_TestCase@7f8a9499] output={null}]]]>
              </value>
            </param>
          </params>
          <reporter-output>
          </reporter-output>
        </test-method> <!-- closeup -->
        <test-method is-config="true" signature="setup()[pri:0, instance:testCases.Tree_TestCase@7f8a9499]" started-at="2025-01-11T22:12:41 CST" name="setup" finished-at="2025-01-11T22:12:45 CST" duration-ms="3820" status="PASS">
          <reporter-output>
          </reporter-output>
        </test-method> <!-- setup -->
        <test-method signature="EmptyTryeditorABT()[pri:0, instance:testCases.Tree_TestCase@7f8a9499]" started-at="2025-01-11T22:12:45 CST" name="EmptyTryeditorABT" finished-at="2025-01-11T22:12:47 CST" duration-ms="2378" status="FAIL">
          <exception class="java.lang.AssertionError">
            <message>
              <![CDATA[Alert is not present]]>
            </message>
            <full-stacktrace>
              <![CDATA[java.lang.AssertionError: Alert is not present
at org.testng.Assert.fail(Assert.java:111)
at testCases.Tree_TestCase.EmptyTryeditorABT(Tree_TestCase.java:922)
at java.base/jdk.internal.reflect.DirectMethodHandleAccessor.invoke(DirectMethodHandleAccessor.java:103)
at java.base/java.lang.reflect.Method.invoke(Method.java:580)
at org.testng.internal.invokers.MethodInvocationHelper.invokeMethod(MethodInvocationHelper.java:141)
at org.testng.internal.invokers.TestInvoker.invokeMethod(TestInvoker.java:686)
at org.testng.internal.invokers.TestInvoker.retryFailed(TestInvoker.java:269)
at org.testng.internal.invokers.MethodRunner.runInSequence(MethodRunner.java:76)
at org.testng.internal.invokers.TestInvoker$MethodInvocationAgent.invoke(TestInvoker.java:992)
at org.testng.internal.invokers.TestInvoker.invokeTestMethods(TestInvoker.java:203)
at org.testng.internal.invokers.TestMethodWorker.invokeTestMethods(TestMethodWorker.java:154)
at org.testng.internal.invokers.TestMethodWorker.run(TestMethodWorker.java:134)
at java.base/java.util.concurrent.Executors$RunnableAdapter.call(Executors.java:572)
at java.base/java.util.concurrent.FutureTask.run(FutureTask.java:317)
at org.testng.internal.thread.graph.TestNGFutureTask.run(TestNGFutureTask.java:22)
at java.base/java.util.concurrent.ThreadPoolExecutor.runWorker(ThreadPoolExecutor.java:1144)
at java.base/java.util.concurrent.ThreadPoolExecutor$Worker.run(ThreadPoolExecutor.java:642)
at java.base/java.lang.Thread.run(Thread.java:1575)
]]>
            </full-stacktrace>
          </exception> <!-- java.lang.AssertionError -->
          <reporter-output>
            <line>
              <![CDATA[Screenshot saved at: C:\Users\12017\Desktop\MurugaKaapathu\AS_testNG\screenshots\EmptyTryeditorABT.png]]>
            </line>
          </reporter-output>
        </test-method> <!-- EmptyTryeditorABT -->
        <test-method is-config="true" signature="closeup(org.testng.ITestResult)[pri:0, instance:testCases.Tree_TestCase@7f8a9499]" started-at="2025-01-11T22:12:47 CST" name="closeup" finished-at="2025-01-11T22:12:49 CST" duration-ms="1059" status="PASS">
          <params>
            <param index="0">
              <value>
                <![CDATA[[TestResult name=EmptyTryeditorABT status=FAILURE method=Tree_TestCase.EmptyTryeditorABT()[pri:0, instance:testCases.Tree_TestCase@7f8a9499] output=Screenshot saved at: C:\Users\12017\Desktop\MurugaKaapathu\AS_testNG\screenshots\EmptyTryeditorABT.png]]]>
              </value>
            </param>
          </params>
          <reporter-output>
          </reporter-output>
        </test-method> <!-- closeup -->
        <test-method is-config="true" signature="setup()[pri:0, instance:testCases.Tree_TestCase@7f8a9499]" started-at="2025-01-11T22:12:49 CST" name="setup" finished-at="2025-01-11T22:12:52 CST" duration-ms="3753" status="PASS">
          <reporter-output>
          </reporter-output>
        </test-method> <!-- setup -->
        <test-method retried="true" signature="EmptyTryeditorBST()[pri:0, instance:testCases.Tree_TestCase@7f8a9499]" started-at="2025-01-11T22:12:52 CST" name="EmptyTryeditorBST" finished-at="2025-01-11T22:12:54 CST" duration-ms="2129" status="SKIP">
          <exception class="java.lang.AssertionError">
            <message>
              <![CDATA[Alert is not present]]>
            </message>
            <full-stacktrace>
              <![CDATA[java.lang.AssertionError: Alert is not present
at org.testng.Assert.fail(Assert.java:111)
at testCases.Tree_TestCase.EmptyTryeditorBST(Tree_TestCase.java:1004)
at java.base/jdk.internal.reflect.DirectMethodHandleAccessor.invoke(DirectMethodHandleAccessor.java:103)
at java.base/java.lang.reflect.Method.invoke(Method.java:580)
at org.testng.internal.invokers.MethodInvocationHelper.invokeMethod(MethodInvocationHelper.java:141)
at org.testng.internal.invokers.TestInvoker.invokeMethod(TestInvoker.java:686)
at org.testng.internal.invokers.TestInvoker.invokeTestMethod(TestInvoker.java:230)
at org.testng.internal.invokers.MethodRunner.runInSequence(MethodRunner.java:63)
at org.testng.internal.invokers.TestInvoker$MethodInvocationAgent.invoke(TestInvoker.java:992)
at org.testng.internal.invokers.TestInvoker.invokeTestMethods(TestInvoker.java:203)
at org.testng.internal.invokers.TestMethodWorker.invokeTestMethods(TestMethodWorker.java:154)
at org.testng.internal.invokers.TestMethodWorker.run(TestMethodWorker.java:134)
at java.base/java.util.concurrent.Executors$RunnableAdapter.call(Executors.java:572)
at java.base/java.util.concurrent.FutureTask.run(FutureTask.java:317)
at org.testng.internal.thread.graph.TestNGFutureTask.run(TestNGFutureTask.java:22)
at java.base/java.util.concurrent.ThreadPoolExecutor.runWorker(ThreadPoolExecutor.java:1144)
at java.base/java.util.concurrent.ThreadPoolExecutor$Worker.run(ThreadPoolExecutor.java:642)
at java.base/java.lang.Thread.run(Thread.java:1575)
]]>
            </full-stacktrace>
          </exception> <!-- java.lang.AssertionError -->
          <reporter-output>
          </reporter-output>
        </test-method> <!-- EmptyTryeditorBST -->
        <test-method is-config="true" signature="closeup(org.testng.ITestResult)[pri:0, instance:testCases.Tree_TestCase@7f8a9499]" started-at="2025-01-11T22:12:54 CST" name="closeup" finished-at="2025-01-11T22:12:56 CST" duration-ms="1412" status="PASS">
          <params>
            <param index="0">
              <value>
                <![CDATA[[TestResult name=EmptyTryeditorBST status=SKIP method=Tree_TestCase.EmptyTryeditorBST()[pri:0, instance:testCases.Tree_TestCase@7f8a9499] output={null}]]]>
              </value>
            </param>
          </params>
          <reporter-output>
          </reporter-output>
        </test-method> <!-- closeup -->
        <test-method is-config="true" signature="setup()[pri:0, instance:testCases.Tree_TestCase@7f8a9499]" started-at="2025-01-11T22:12:56 CST" name="setup" finished-at="2025-01-11T22:12:58 CST" duration-ms="2585" status="PASS">
          <reporter-output>
          </reporter-output>
        </test-method> <!-- setup -->
        <test-method retried="true" signature="EmptyTryeditorBST()[pri:0, instance:testCases.Tree_TestCase@7f8a9499]" started-at="2025-01-11T22:12:58 CST" name="EmptyTryeditorBST" finished-at="2025-01-11T22:13:00 CST" duration-ms="1620" status="SKIP">
          <exception class="java.lang.AssertionError">
            <message>
              <![CDATA[Alert is not present]]>
            </message>
            <full-stacktrace>
              <![CDATA[java.lang.AssertionError: Alert is not present
at org.testng.Assert.fail(Assert.java:111)
at testCases.Tree_TestCase.EmptyTryeditorBST(Tree_TestCase.java:1004)
at java.base/jdk.internal.reflect.DirectMethodHandleAccessor.invoke(DirectMethodHandleAccessor.java:103)
at java.base/java.lang.reflect.Method.invoke(Method.java:580)
at org.testng.internal.invokers.MethodInvocationHelper.invokeMethod(MethodInvocationHelper.java:141)
at org.testng.internal.invokers.TestInvoker.invokeMethod(TestInvoker.java:686)
at org.testng.internal.invokers.TestInvoker.retryFailed(TestInvoker.java:269)
at org.testng.internal.invokers.MethodRunner.runInSequence(MethodRunner.java:76)
at org.testng.internal.invokers.TestInvoker$MethodInvocationAgent.invoke(TestInvoker.java:992)
at org.testng.internal.invokers.TestInvoker.invokeTestMethods(TestInvoker.java:203)
at org.testng.internal.invokers.TestMethodWorker.invokeTestMethods(TestMethodWorker.java:154)
at org.testng.internal.invokers.TestMethodWorker.run(TestMethodWorker.java:134)
at java.base/java.util.concurrent.Executors$RunnableAdapter.call(Executors.java:572)
at java.base/java.util.concurrent.FutureTask.run(FutureTask.java:317)
at org.testng.internal.thread.graph.TestNGFutureTask.run(TestNGFutureTask.java:22)
at java.base/java.util.concurrent.ThreadPoolExecutor.runWorker(ThreadPoolExecutor.java:1144)
at java.base/java.util.concurrent.ThreadPoolExecutor$Worker.run(ThreadPoolExecutor.java:642)
at java.base/java.lang.Thread.run(Thread.java:1575)
]]>
            </full-stacktrace>
          </exception> <!-- java.lang.AssertionError -->
          <reporter-output>
          </reporter-output>
        </test-method> <!-- EmptyTryeditorBST -->
        <test-method is-config="true" signature="closeup(org.testng.ITestResult)[pri:0, instance:testCases.Tree_TestCase@7f8a9499]" started-at="2025-01-11T22:13:00 CST" name="closeup" finished-at="2025-01-11T22:13:01 CST" duration-ms="750" status="PASS">
          <params>
            <param index="0">
              <value>
                <![CDATA[[TestResult name=EmptyTryeditorBST status=SKIP method=Tree_TestCase.EmptyTryeditorBST()[pri:0, instance:testCases.Tree_TestCase@7f8a9499] output={null}]]]>
              </value>
            </param>
          </params>
          <reporter-output>
          </reporter-output>
        </test-method> <!-- closeup -->
        <test-method is-config="true" signature="setup()[pri:0, instance:testCases.Tree_TestCase@7f8a9499]" started-at="2025-01-11T22:13:01 CST" name="setup" finished-at="2025-01-11T22:13:03 CST" duration-ms="1986" status="PASS">
          <reporter-output>
          </reporter-output>
        </test-method> <!-- setup -->
        <test-method retried="true" signature="EmptyTryeditorBST()[pri:0, instance:testCases.Tree_TestCase@7f8a9499]" started-at="2025-01-11T22:13:03 CST" name="EmptyTryeditorBST" finished-at="2025-01-11T22:13:04 CST" duration-ms="1108" status="SKIP">
          <exception class="java.lang.AssertionError">
            <message>
              <![CDATA[Alert is not present]]>
            </message>
            <full-stacktrace>
              <![CDATA[java.lang.AssertionError: Alert is not present
at org.testng.Assert.fail(Assert.java:111)
at testCases.Tree_TestCase.EmptyTryeditorBST(Tree_TestCase.java:1004)
at java.base/jdk.internal.reflect.DirectMethodHandleAccessor.invoke(DirectMethodHandleAccessor.java:103)
at java.base/java.lang.reflect.Method.invoke(Method.java:580)
at org.testng.internal.invokers.MethodInvocationHelper.invokeMethod(MethodInvocationHelper.java:141)
at org.testng.internal.invokers.TestInvoker.invokeMethod(TestInvoker.java:686)
at org.testng.internal.invokers.TestInvoker.retryFailed(TestInvoker.java:269)
at org.testng.internal.invokers.MethodRunner.runInSequence(MethodRunner.java:76)
at org.testng.internal.invokers.TestInvoker$MethodInvocationAgent.invoke(TestInvoker.java:992)
at org.testng.internal.invokers.TestInvoker.invokeTestMethods(TestInvoker.java:203)
at org.testng.internal.invokers.TestMethodWorker.invokeTestMethods(TestMethodWorker.java:154)
at org.testng.internal.invokers.TestMethodWorker.run(TestMethodWorker.java:134)
at java.base/java.util.concurrent.Executors$RunnableAdapter.call(Executors.java:572)
at java.base/java.util.concurrent.FutureTask.run(FutureTask.java:317)
at org.testng.internal.thread.graph.TestNGFutureTask.run(TestNGFutureTask.java:22)
at java.base/java.util.concurrent.ThreadPoolExecutor.runWorker(ThreadPoolExecutor.java:1144)
at java.base/java.util.concurrent.ThreadPoolExecutor$Worker.run(ThreadPoolExecutor.java:642)
at java.base/java.lang.Thread.run(Thread.java:1575)
]]>
            </full-stacktrace>
          </exception> <!-- java.lang.AssertionError -->
          <reporter-output>
          </reporter-output>
        </test-method> <!-- EmptyTryeditorBST -->
        <test-method is-config="true" signature="closeup(org.testng.ITestResult)[pri:0, instance:testCases.Tree_TestCase@7f8a9499]" started-at="2025-01-11T22:13:04 CST" name="closeup" finished-at="2025-01-11T22:13:05 CST" duration-ms="618" status="PASS">
          <params>
            <param index="0">
              <value>
                <![CDATA[[TestResult name=EmptyTryeditorBST status=SKIP method=Tree_TestCase.EmptyTryeditorBST()[pri:0, instance:testCases.Tree_TestCase@7f8a9499] output={null}]]]>
              </value>
            </param>
          </params>
          <reporter-output>
          </reporter-output>
        </test-method> <!-- closeup -->
        <test-method is-config="true" signature="setup()[pri:0, instance:testCases.Tree_TestCase@7f8a9499]" started-at="2025-01-11T22:13:05 CST" name="setup" finished-at="2025-01-11T22:13:08 CST" duration-ms="3313" status="PASS">
          <reporter-output>
          </reporter-output>
        </test-method> <!-- setup -->
        <test-method signature="EmptyTryeditorBST()[pri:0, instance:testCases.Tree_TestCase@7f8a9499]" started-at="2025-01-11T22:13:08 CST" name="EmptyTryeditorBST" finished-at="2025-01-11T22:13:10 CST" duration-ms="1820" status="FAIL">
          <exception class="java.lang.AssertionError">
            <message>
              <![CDATA[Alert is not present]]>
            </message>
            <full-stacktrace>
              <![CDATA[java.lang.AssertionError: Alert is not present
at org.testng.Assert.fail(Assert.java:111)
at testCases.Tree_TestCase.EmptyTryeditorBST(Tree_TestCase.java:1004)
at java.base/jdk.internal.reflect.DirectMethodHandleAccessor.invoke(DirectMethodHandleAccessor.java:103)
at java.base/java.lang.reflect.Method.invoke(Method.java:580)
at org.testng.internal.invokers.MethodInvocationHelper.invokeMethod(MethodInvocationHelper.java:141)
at org.testng.internal.invokers.TestInvoker.invokeMethod(TestInvoker.java:686)
at org.testng.internal.invokers.TestInvoker.retryFailed(TestInvoker.java:269)
at org.testng.internal.invokers.MethodRunner.runInSequence(MethodRunner.java:76)
at org.testng.internal.invokers.TestInvoker$MethodInvocationAgent.invoke(TestInvoker.java:992)
at org.testng.internal.invokers.TestInvoker.invokeTestMethods(TestInvoker.java:203)
at org.testng.internal.invokers.TestMethodWorker.invokeTestMethods(TestMethodWorker.java:154)
at org.testng.internal.invokers.TestMethodWorker.run(TestMethodWorker.java:134)
at java.base/java.util.concurrent.Executors$RunnableAdapter.call(Executors.java:572)
at java.base/java.util.concurrent.FutureTask.run(FutureTask.java:317)
at org.testng.internal.thread.graph.TestNGFutureTask.run(TestNGFutureTask.java:22)
at java.base/java.util.concurrent.ThreadPoolExecutor.runWorker(ThreadPoolExecutor.java:1144)
at java.base/java.util.concurrent.ThreadPoolExecutor$Worker.run(ThreadPoolExecutor.java:642)
at java.base/java.lang.Thread.run(Thread.java:1575)
]]>
            </full-stacktrace>
          </exception> <!-- java.lang.AssertionError -->
          <reporter-output>
            <line>
              <![CDATA[Screenshot saved at: C:\Users\12017\Desktop\MurugaKaapathu\AS_testNG\screenshots\EmptyTryeditorBST.png]]>
            </line>
          </reporter-output>
        </test-method> <!-- EmptyTryeditorBST -->
        <test-method is-config="true" signature="closeup(org.testng.ITestResult)[pri:0, instance:testCases.Tree_TestCase@7f8a9499]" started-at="2025-01-11T22:13:10 CST" name="closeup" finished-at="2025-01-11T22:13:11 CST" duration-ms="818" status="PASS">
          <params>
            <param index="0">
              <value>
                <![CDATA[[TestResult name=EmptyTryeditorBST status=FAILURE method=Tree_TestCase.EmptyTryeditorBST()[pri:0, instance:testCases.Tree_TestCase@7f8a9499] output=Screenshot saved at: C:\Users\12017\Desktop\MurugaKaapathu\AS_testNG\screenshots\EmptyTryeditorBST.png]]]>
              </value>
            </param>
          </params>
          <reporter-output>
          </reporter-output>
        </test-method> <!-- closeup -->
        <test-method is-config="true" signature="setup()[pri:0, instance:testCases.Tree_TestCase@7f8a9499]" started-at="2025-01-11T22:13:11 CST" name="setup" finished-at="2025-01-11T22:13:14 CST" duration-ms="3363" status="PASS">
          <reporter-output>
          </reporter-output>
        </test-method> <!-- setup -->
        <test-method retried="true" signature="EmptyTryeditorBT()[pri:0, instance:testCases.Tree_TestCase@7f8a9499]" started-at="2025-01-11T22:13:14 CST" name="EmptyTryeditorBT" finished-at="2025-01-11T22:13:16 CST" duration-ms="1857" status="SKIP">
          <exception class="java.lang.AssertionError">
            <message>
              <![CDATA[Alert is not present]]>
            </message>
            <full-stacktrace>
              <![CDATA[java.lang.AssertionError: Alert is not present
at org.testng.Assert.fail(Assert.java:111)
at testCases.Tree_TestCase.EmptyTryeditorBT(Tree_TestCase.java:529)
at java.base/jdk.internal.reflect.DirectMethodHandleAccessor.invoke(DirectMethodHandleAccessor.java:103)
at java.base/java.lang.reflect.Method.invoke(Method.java:580)
at org.testng.internal.invokers.MethodInvocationHelper.invokeMethod(MethodInvocationHelper.java:141)
at org.testng.internal.invokers.TestInvoker.invokeMethod(TestInvoker.java:686)
at org.testng.internal.invokers.TestInvoker.invokeTestMethod(TestInvoker.java:230)
at org.testng.internal.invokers.MethodRunner.runInSequence(MethodRunner.java:63)
at org.testng.internal.invokers.TestInvoker$MethodInvocationAgent.invoke(TestInvoker.java:992)
at org.testng.internal.invokers.TestInvoker.invokeTestMethods(TestInvoker.java:203)
at org.testng.internal.invokers.TestMethodWorker.invokeTestMethods(TestMethodWorker.java:154)
at org.testng.internal.invokers.TestMethodWorker.run(TestMethodWorker.java:134)
at java.base/java.util.concurrent.Executors$RunnableAdapter.call(Executors.java:572)
at java.base/java.util.concurrent.FutureTask.run(FutureTask.java:317)
at org.testng.internal.thread.graph.TestNGFutureTask.run(TestNGFutureTask.java:22)
at java.base/java.util.concurrent.ThreadPoolExecutor.runWorker(ThreadPoolExecutor.java:1144)
at java.base/java.util.concurrent.ThreadPoolExecutor$Worker.run(ThreadPoolExecutor.java:642)
at java.base/java.lang.Thread.run(Thread.java:1575)
]]>
            </full-stacktrace>
          </exception> <!-- java.lang.AssertionError -->
          <reporter-output>
          </reporter-output>
        </test-method> <!-- EmptyTryeditorBT -->
        <test-method is-config="true" signature="closeup(org.testng.ITestResult)[pri:0, instance:testCases.Tree_TestCase@7f8a9499]" started-at="2025-01-11T22:13:16 CST" name="closeup" finished-at="2025-01-11T22:13:17 CST" duration-ms="887" status="PASS">
          <params>
            <param index="0">
              <value>
                <![CDATA[[TestResult name=EmptyTryeditorBT status=SKIP method=Tree_TestCase.EmptyTryeditorBT()[pri:0, instance:testCases.Tree_TestCase@7f8a9499] output={null}]]]>
              </value>
            </param>
          </params>
          <reporter-output>
          </reporter-output>
        </test-method> <!-- closeup -->
        <test-method is-config="true" signature="setup()[pri:0, instance:testCases.Tree_TestCase@7f8a9499]" started-at="2025-01-11T22:13:17 CST" name="setup" finished-at="2025-01-11T22:13:19 CST" duration-ms="2445" status="PASS">
          <reporter-output>
          </reporter-output>
        </test-method> <!-- setup -->
        <test-method retried="true" signature="EmptyTryeditorBT()[pri:0, instance:testCases.Tree_TestCase@7f8a9499]" started-at="2025-01-11T22:13:19 CST" name="EmptyTryeditorBT" finished-at="2025-01-11T22:13:21 CST" duration-ms="1636" status="SKIP">
          <exception class="java.lang.AssertionError">
            <message>
              <![CDATA[Alert is not present]]>
            </message>
            <full-stacktrace>
              <![CDATA[java.lang.AssertionError: Alert is not present
at org.testng.Assert.fail(Assert.java:111)
at testCases.Tree_TestCase.EmptyTryeditorBT(Tree_TestCase.java:529)
at java.base/jdk.internal.reflect.DirectMethodHandleAccessor.invoke(DirectMethodHandleAccessor.java:103)
at java.base/java.lang.reflect.Method.invoke(Method.java:580)
at org.testng.internal.invokers.MethodInvocationHelper.invokeMethod(MethodInvocationHelper.java:141)
at org.testng.internal.invokers.TestInvoker.invokeMethod(TestInvoker.java:686)
at org.testng.internal.invokers.TestInvoker.retryFailed(TestInvoker.java:269)
at org.testng.internal.invokers.MethodRunner.runInSequence(MethodRunner.java:76)
at org.testng.internal.invokers.TestInvoker$MethodInvocationAgent.invoke(TestInvoker.java:992)
at org.testng.internal.invokers.TestInvoker.invokeTestMethods(TestInvoker.java:203)
at org.testng.internal.invokers.TestMethodWorker.invokeTestMethods(TestMethodWorker.java:154)
at org.testng.internal.invokers.TestMethodWorker.run(TestMethodWorker.java:134)
at java.base/java.util.concurrent.Executors$RunnableAdapter.call(Executors.java:572)
at java.base/java.util.concurrent.FutureTask.run(FutureTask.java:317)
at org.testng.internal.thread.graph.TestNGFutureTask.run(TestNGFutureTask.java:22)
at java.base/java.util.concurrent.ThreadPoolExecutor.runWorker(ThreadPoolExecutor.java:1144)
at java.base/java.util.concurrent.ThreadPoolExecutor$Worker.run(ThreadPoolExecutor.java:642)
at java.base/java.lang.Thread.run(Thread.java:1575)
]]>
            </full-stacktrace>
          </exception> <!-- java.lang.AssertionError -->
          <reporter-output>
          </reporter-output>
        </test-method> <!-- EmptyTryeditorBT -->
        <test-method is-config="true" signature="closeup(org.testng.ITestResult)[pri:0, instance:testCases.Tree_TestCase@7f8a9499]" started-at="2025-01-11T22:13:21 CST" name="closeup" finished-at="2025-01-11T22:13:22 CST" duration-ms="671" status="PASS">
          <params>
            <param index="0">
              <value>
                <![CDATA[[TestResult name=EmptyTryeditorBT status=SKIP method=Tree_TestCase.EmptyTryeditorBT()[pri:0, instance:testCases.Tree_TestCase@7f8a9499] output={null}]]]>
              </value>
            </param>
          </params>
          <reporter-output>
          </reporter-output>
        </test-method> <!-- closeup -->
        <test-method is-config="true" signature="setup()[pri:0, instance:testCases.Tree_TestCase@7f8a9499]" started-at="2025-01-11T22:13:22 CST" name="setup" finished-at="2025-01-11T22:13:24 CST" duration-ms="2224" status="PASS">
          <reporter-output>
          </reporter-output>
        </test-method> <!-- setup -->
        <test-method retried="true" signature="EmptyTryeditorBT()[pri:0, instance:testCases.Tree_TestCase@7f8a9499]" started-at="2025-01-11T22:13:24 CST" name="EmptyTryeditorBT" finished-at="2025-01-11T22:13:25 CST" duration-ms="1197" status="SKIP">
          <exception class="java.lang.AssertionError">
            <message>
              <![CDATA[Alert is not present]]>
            </message>
            <full-stacktrace>
              <![CDATA[java.lang.AssertionError: Alert is not present
at org.testng.Assert.fail(Assert.java:111)
at testCases.Tree_TestCase.EmptyTryeditorBT(Tree_TestCase.java:529)
at java.base/jdk.internal.reflect.DirectMethodHandleAccessor.invoke(DirectMethodHandleAccessor.java:103)
at java.base/java.lang.reflect.Method.invoke(Method.java:580)
at org.testng.internal.invokers.MethodInvocationHelper.invokeMethod(MethodInvocationHelper.java:141)
at org.testng.internal.invokers.TestInvoker.invokeMethod(TestInvoker.java:686)
at org.testng.internal.invokers.TestInvoker.retryFailed(TestInvoker.java:269)
at org.testng.internal.invokers.MethodRunner.runInSequence(MethodRunner.java:76)
at org.testng.internal.invokers.TestInvoker$MethodInvocationAgent.invoke(TestInvoker.java:992)
at org.testng.internal.invokers.TestInvoker.invokeTestMethods(TestInvoker.java:203)
at org.testng.internal.invokers.TestMethodWorker.invokeTestMethods(TestMethodWorker.java:154)
at org.testng.internal.invokers.TestMethodWorker.run(TestMethodWorker.java:134)
at java.base/java.util.concurrent.Executors$RunnableAdapter.call(Executors.java:572)
at java.base/java.util.concurrent.FutureTask.run(FutureTask.java:317)
at org.testng.internal.thread.graph.TestNGFutureTask.run(TestNGFutureTask.java:22)
at java.base/java.util.concurrent.ThreadPoolExecutor.runWorker(ThreadPoolExecutor.java:1144)
at java.base/java.util.concurrent.ThreadPoolExecutor$Worker.run(ThreadPoolExecutor.java:642)
at java.base/java.lang.Thread.run(Thread.java:1575)
]]>
            </full-stacktrace>
          </exception> <!-- java.lang.AssertionError -->
          <reporter-output>
          </reporter-output>
        </test-method> <!-- EmptyTryeditorBT -->
        <test-method is-config="true" signature="closeup(org.testng.ITestResult)[pri:0, instance:testCases.Tree_TestCase@7f8a9499]" started-at="2025-01-11T22:13:25 CST" name="closeup" finished-at="2025-01-11T22:13:26 CST" duration-ms="1050" status="PASS">
          <params>
            <param index="0">
              <value>
                <![CDATA[[TestResult name=EmptyTryeditorBT status=SKIP method=Tree_TestCase.EmptyTryeditorBT()[pri:0, instance:testCases.Tree_TestCase@7f8a9499] output={null}]]]>
              </value>
            </param>
          </params>
          <reporter-output>
          </reporter-output>
        </test-method> <!-- closeup -->
        <test-method is-config="true" signature="setup()[pri:0, instance:testCases.Tree_TestCase@7f8a9499]" started-at="2025-01-11T22:13:26 CST" name="setup" finished-at="2025-01-11T22:13:28 CST" duration-ms="2275" status="PASS">
          <reporter-output>
          </reporter-output>
        </test-method> <!-- setup -->
        <test-method signature="EmptyTryeditorBT()[pri:0, instance:testCases.Tree_TestCase@7f8a9499]" started-at="2025-01-11T22:13:28 CST" name="EmptyTryeditorBT" finished-at="2025-01-11T22:13:30 CST" duration-ms="1178" status="FAIL">
          <exception class="java.lang.AssertionError">
            <message>
              <![CDATA[Alert is not present]]>
            </message>
            <full-stacktrace>
              <![CDATA[java.lang.AssertionError: Alert is not present
at org.testng.Assert.fail(Assert.java:111)
at testCases.Tree_TestCase.EmptyTryeditorBT(Tree_TestCase.java:529)
at java.base/jdk.internal.reflect.DirectMethodHandleAccessor.invoke(DirectMethodHandleAccessor.java:103)
at java.base/java.lang.reflect.Method.invoke(Method.java:580)
at org.testng.internal.invokers.MethodInvocationHelper.invokeMethod(MethodInvocationHelper.java:141)
at org.testng.internal.invokers.TestInvoker.invokeMethod(TestInvoker.java:686)
at org.testng.internal.invokers.TestInvoker.retryFailed(TestInvoker.java:269)
at org.testng.internal.invokers.MethodRunner.runInSequence(MethodRunner.java:76)
at org.testng.internal.invokers.TestInvoker$MethodInvocationAgent.invoke(TestInvoker.java:992)
at org.testng.internal.invokers.TestInvoker.invokeTestMethods(TestInvoker.java:203)
at org.testng.internal.invokers.TestMethodWorker.invokeTestMethods(TestMethodWorker.java:154)
at org.testng.internal.invokers.TestMethodWorker.run(TestMethodWorker.java:134)
at java.base/java.util.concurrent.Executors$RunnableAdapter.call(Executors.java:572)
at java.base/java.util.concurrent.FutureTask.run(FutureTask.java:317)
at org.testng.internal.thread.graph.TestNGFutureTask.run(TestNGFutureTask.java:22)
at java.base/java.util.concurrent.ThreadPoolExecutor.runWorker(ThreadPoolExecutor.java:1144)
at java.base/java.util.concurrent.ThreadPoolExecutor$Worker.run(ThreadPoolExecutor.java:642)
at java.base/java.lang.Thread.run(Thread.java:1575)
]]>
            </full-stacktrace>
          </exception> <!-- java.lang.AssertionError -->
          <reporter-output>
            <line>
              <![CDATA[Screenshot saved at: C:\Users\12017\Desktop\MurugaKaapathu\AS_testNG\screenshots\EmptyTryeditorBT.png]]>
            </line>
          </reporter-output>
        </test-method> <!-- EmptyTryeditorBT -->
        <test-method is-config="true" signature="closeup(org.testng.ITestResult)[pri:0, instance:testCases.Tree_TestCase@7f8a9499]" started-at="2025-01-11T22:13:30 CST" name="closeup" finished-at="2025-01-11T22:13:30 CST" duration-ms="639" status="PASS">
          <params>
            <param index="0">
              <value>
                <![CDATA[[TestResult name=EmptyTryeditorBT status=FAILURE method=Tree_TestCase.EmptyTryeditorBT()[pri:0, instance:testCases.Tree_TestCase@7f8a9499] output=Screenshot saved at: C:\Users\12017\Desktop\MurugaKaapathu\AS_testNG\screenshots\EmptyTryeditorBT.png]]]>
              </value>
            </param>
          </params>
          <reporter-output>
          </reporter-output>
        </test-method> <!-- closeup -->
        <test-method is-config="true" signature="setup()[pri:0, instance:testCases.Tree_TestCase@7f8a9499]" started-at="2025-01-11T22:13:30 CST" name="setup" finished-at="2025-01-11T22:13:34 CST" duration-ms="3274" status="PASS">
          <reporter-output>
          </reporter-output>
        </test-method> <!-- setup -->
        <test-method retried="true" signature="EmptyTryeditorBinTreeTrav()[pri:0, instance:testCases.Tree_TestCase@7f8a9499]" started-at="2025-01-11T22:13:34 CST" name="EmptyTryeditorBinTreeTrav" finished-at="2025-01-11T22:13:35 CST" duration-ms="1293" status="SKIP">
          <exception class="java.lang.AssertionError">
            <message>
              <![CDATA[Alert is not present]]>
            </message>
            <full-stacktrace>
              <![CDATA[java.lang.AssertionError: Alert is not present
at org.testng.Assert.fail(Assert.java:111)
at testCases.Tree_TestCase.EmptyTryeditorBinTreeTrav(Tree_TestCase.java:766)
at java.base/jdk.internal.reflect.DirectMethodHandleAccessor.invoke(DirectMethodHandleAccessor.java:103)
at java.base/java.lang.reflect.Method.invoke(Method.java:580)
at org.testng.internal.invokers.MethodInvocationHelper.invokeMethod(MethodInvocationHelper.java:141)
at org.testng.internal.invokers.TestInvoker.invokeMethod(TestInvoker.java:686)
at org.testng.internal.invokers.TestInvoker.invokeTestMethod(TestInvoker.java:230)
at org.testng.internal.invokers.MethodRunner.runInSequence(MethodRunner.java:63)
at org.testng.internal.invokers.TestInvoker$MethodInvocationAgent.invoke(TestInvoker.java:992)
at org.testng.internal.invokers.TestInvoker.invokeTestMethods(TestInvoker.java:203)
at org.testng.internal.invokers.TestMethodWorker.invokeTestMethods(TestMethodWorker.java:154)
at org.testng.internal.invokers.TestMethodWorker.run(TestMethodWorker.java:134)
at java.base/java.util.concurrent.Executors$RunnableAdapter.call(Executors.java:572)
at java.base/java.util.concurrent.FutureTask.run(FutureTask.java:317)
at org.testng.internal.thread.graph.TestNGFutureTask.run(TestNGFutureTask.java:22)
at java.base/java.util.concurrent.ThreadPoolExecutor.runWorker(ThreadPoolExecutor.java:1144)
at java.base/java.util.concurrent.ThreadPoolExecutor$Worker.run(ThreadPoolExecutor.java:642)
at java.base/java.lang.Thread.run(Thread.java:1575)
]]>
            </full-stacktrace>
          </exception> <!-- java.lang.AssertionError -->
          <reporter-output>
          </reporter-output>
        </test-method> <!-- EmptyTryeditorBinTreeTrav -->
        <test-method is-config="true" signature="closeup(org.testng.ITestResult)[pri:0, instance:testCases.Tree_TestCase@7f8a9499]" started-at="2025-01-11T22:13:35 CST" name="closeup" finished-at="2025-01-11T22:13:35 CST" duration-ms="606" status="PASS">
          <params>
            <param index="0">
              <value>
                <![CDATA[[TestResult name=EmptyTryeditorBinTreeTrav status=SKIP method=Tree_TestCase.EmptyTryeditorBinTreeTrav()[pri:0, instance:testCases.Tree_TestCase@7f8a9499] output={null}]]]>
              </value>
            </param>
          </params>
          <reporter-output>
          </reporter-output>
        </test-method> <!-- closeup -->
        <test-method is-config="true" signature="setup()[pri:0, instance:testCases.Tree_TestCase@7f8a9499]" started-at="2025-01-11T22:13:35 CST" name="setup" finished-at="2025-01-11T22:13:38 CST" duration-ms="2551" status="PASS">
          <reporter-output>
          </reporter-output>
        </test-method> <!-- setup -->
        <test-method retried="true" signature="EmptyTryeditorBinTreeTrav()[pri:0, instance:testCases.Tree_TestCase@7f8a9499]" started-at="2025-01-11T22:13:38 CST" name="EmptyTryeditorBinTreeTrav" finished-at="2025-01-11T22:13:39 CST" duration-ms="1295" status="SKIP">
          <exception class="java.lang.AssertionError">
            <message>
              <![CDATA[Alert is not present]]>
            </message>
            <full-stacktrace>
              <![CDATA[java.lang.AssertionError: Alert is not present
at org.testng.Assert.fail(Assert.java:111)
at testCases.Tree_TestCase.EmptyTryeditorBinTreeTrav(Tree_TestCase.java:766)
at java.base/jdk.internal.reflect.DirectMethodHandleAccessor.invoke(DirectMethodHandleAccessor.java:103)
at java.base/java.lang.reflect.Method.invoke(Method.java:580)
at org.testng.internal.invokers.MethodInvocationHelper.invokeMethod(MethodInvocationHelper.java:141)
at org.testng.internal.invokers.TestInvoker.invokeMethod(TestInvoker.java:686)
at org.testng.internal.invokers.TestInvoker.retryFailed(TestInvoker.java:269)
at org.testng.internal.invokers.MethodRunner.runInSequence(MethodRunner.java:76)
at org.testng.internal.invokers.TestInvoker$MethodInvocationAgent.invoke(TestInvoker.java:992)
at org.testng.internal.invokers.TestInvoker.invokeTestMethods(TestInvoker.java:203)
at org.testng.internal.invokers.TestMethodWorker.invokeTestMethods(TestMethodWorker.java:154)
at org.testng.internal.invokers.TestMethodWorker.run(TestMethodWorker.java:134)
at java.base/java.util.concurrent.Executors$RunnableAdapter.call(Executors.java:572)
at java.base/java.util.concurrent.FutureTask.run(FutureTask.java:317)
at org.testng.internal.thread.graph.TestNGFutureTask.run(TestNGFutureTask.java:22)
at java.base/java.util.concurrent.ThreadPoolExecutor.runWorker(ThreadPoolExecutor.java:1144)
at java.base/java.util.concurrent.ThreadPoolExecutor$Worker.run(ThreadPoolExecutor.java:642)
at java.base/java.lang.Thread.run(Thread.java:1575)
]]>
            </full-stacktrace>
          </exception> <!-- java.lang.AssertionError -->
          <reporter-output>
          </reporter-output>
        </test-method> <!-- EmptyTryeditorBinTreeTrav -->
        <test-method is-config="true" signature="closeup(org.testng.ITestResult)[pri:0, instance:testCases.Tree_TestCase@7f8a9499]" started-at="2025-01-11T22:13:39 CST" name="closeup" finished-at="2025-01-11T22:13:40 CST" duration-ms="1084" status="PASS">
          <params>
            <param index="0">
              <value>
                <![CDATA[[TestResult name=EmptyTryeditorBinTreeTrav status=SKIP method=Tree_TestCase.EmptyTryeditorBinTreeTrav()[pri:0, instance:testCases.Tree_TestCase@7f8a9499] output={null}]]]>
              </value>
            </param>
          </params>
          <reporter-output>
          </reporter-output>
        </test-method> <!-- closeup -->
        <test-method is-config="true" signature="setup()[pri:0, instance:testCases.Tree_TestCase@7f8a9499]" started-at="2025-01-11T22:13:40 CST" name="setup" finished-at="2025-01-11T22:13:42 CST" duration-ms="1853" status="PASS">
          <reporter-output>
          </reporter-output>
        </test-method> <!-- setup -->
        <test-method retried="true" signature="EmptyTryeditorBinTreeTrav()[pri:0, instance:testCases.Tree_TestCase@7f8a9499]" started-at="2025-01-11T22:13:42 CST" name="EmptyTryeditorBinTreeTrav" finished-at="2025-01-11T22:13:44 CST" duration-ms="1659" status="SKIP">
          <exception class="java.lang.AssertionError">
            <message>
              <![CDATA[Alert is not present]]>
            </message>
            <full-stacktrace>
              <![CDATA[java.lang.AssertionError: Alert is not present
at org.testng.Assert.fail(Assert.java:111)
at testCases.Tree_TestCase.EmptyTryeditorBinTreeTrav(Tree_TestCase.java:766)
at java.base/jdk.internal.reflect.DirectMethodHandleAccessor.invoke(DirectMethodHandleAccessor.java:103)
at java.base/java.lang.reflect.Method.invoke(Method.java:580)
at org.testng.internal.invokers.MethodInvocationHelper.invokeMethod(MethodInvocationHelper.java:141)
at org.testng.internal.invokers.TestInvoker.invokeMethod(TestInvoker.java:686)
at org.testng.internal.invokers.TestInvoker.retryFailed(TestInvoker.java:269)
at org.testng.internal.invokers.MethodRunner.runInSequence(MethodRunner.java:76)
at org.testng.internal.invokers.TestInvoker$MethodInvocationAgent.invoke(TestInvoker.java:992)
at org.testng.internal.invokers.TestInvoker.invokeTestMethods(TestInvoker.java:203)
at org.testng.internal.invokers.TestMethodWorker.invokeTestMethods(TestMethodWorker.java:154)
at org.testng.internal.invokers.TestMethodWorker.run(TestMethodWorker.java:134)
at java.base/java.util.concurrent.Executors$RunnableAdapter.call(Executors.java:572)
at java.base/java.util.concurrent.FutureTask.run(FutureTask.java:317)
at org.testng.internal.thread.graph.TestNGFutureTask.run(TestNGFutureTask.java:22)
at java.base/java.util.concurrent.ThreadPoolExecutor.runWorker(ThreadPoolExecutor.java:1144)
at java.base/java.util.concurrent.ThreadPoolExecutor$Worker.run(ThreadPoolExecutor.java:642)
at java.base/java.lang.Thread.run(Thread.java:1575)
]]>
            </full-stacktrace>
          </exception> <!-- java.lang.AssertionError -->
          <reporter-output>
          </reporter-output>
        </test-method> <!-- EmptyTryeditorBinTreeTrav -->
        <test-method is-config="true" signature="closeup(org.testng.ITestResult)[pri:0, instance:testCases.Tree_TestCase@7f8a9499]" started-at="2025-01-11T22:13:44 CST" name="closeup" finished-at="2025-01-11T22:13:45 CST" duration-ms="1305" status="PASS">
          <params>
            <param index="0">
              <value>
                <![CDATA[[TestResult name=EmptyTryeditorBinTreeTrav status=SKIP method=Tree_TestCase.EmptyTryeditorBinTreeTrav()[pri:0, instance:testCases.Tree_TestCase@7f8a9499] output={null}]]]>
              </value>
            </param>
          </params>
          <reporter-output>
          </reporter-output>
        </test-method> <!-- closeup -->
        <test-method is-config="true" signature="setup()[pri:0, instance:testCases.Tree_TestCase@7f8a9499]" started-at="2025-01-11T22:13:45 CST" name="setup" finished-at="2025-01-11T22:13:48 CST" duration-ms="3059" status="PASS">
          <reporter-output>
          </reporter-output>
        </test-method> <!-- setup -->
        <test-method signature="EmptyTryeditorBinTreeTrav()[pri:0, instance:testCases.Tree_TestCase@7f8a9499]" started-at="2025-01-11T22:13:48 CST" name="EmptyTryeditorBinTreeTrav" finished-at="2025-01-11T22:13:50 CST" duration-ms="1583" status="FAIL">
          <exception class="java.lang.AssertionError">
            <message>
              <![CDATA[Alert is not present]]>
            </message>
            <full-stacktrace>
              <![CDATA[java.lang.AssertionError: Alert is not present
at org.testng.Assert.fail(Assert.java:111)
at testCases.Tree_TestCase.EmptyTryeditorBinTreeTrav(Tree_TestCase.java:766)
at java.base/jdk.internal.reflect.DirectMethodHandleAccessor.invoke(DirectMethodHandleAccessor.java:103)
at java.base/java.lang.reflect.Method.invoke(Method.java:580)
at org.testng.internal.invokers.MethodInvocationHelper.invokeMethod(MethodInvocationHelper.java:141)
at org.testng.internal.invokers.TestInvoker.invokeMethod(TestInvoker.java:686)
at org.testng.internal.invokers.TestInvoker.retryFailed(TestInvoker.java:269)
at org.testng.internal.invokers.MethodRunner.runInSequence(MethodRunner.java:76)
at org.testng.internal.invokers.TestInvoker$MethodInvocationAgent.invoke(TestInvoker.java:992)
at org.testng.internal.invokers.TestInvoker.invokeTestMethods(TestInvoker.java:203)
at org.testng.internal.invokers.TestMethodWorker.invokeTestMethods(TestMethodWorker.java:154)
at org.testng.internal.invokers.TestMethodWorker.run(TestMethodWorker.java:134)
at java.base/java.util.concurrent.Executors$RunnableAdapter.call(Executors.java:572)
at java.base/java.util.concurrent.FutureTask.run(FutureTask.java:317)
at org.testng.internal.thread.graph.TestNGFutureTask.run(TestNGFutureTask.java:22)
at java.base/java.util.concurrent.ThreadPoolExecutor.runWorker(ThreadPoolExecutor.java:1144)
at java.base/java.util.concurrent.ThreadPoolExecutor$Worker.run(ThreadPoolExecutor.java:642)
at java.base/java.lang.Thread.run(Thread.java:1575)
]]>
            </full-stacktrace>
          </exception> <!-- java.lang.AssertionError -->
          <reporter-output>
            <line>
              <![CDATA[Screenshot saved at: C:\Users\12017\Desktop\MurugaKaapathu\AS_testNG\screenshots\EmptyTryeditorBinTreeTrav.png]]>
            </line>
          </reporter-output>
        </test-method> <!-- EmptyTryeditorBinTreeTrav -->
        <test-method is-config="true" signature="closeup(org.testng.ITestResult)[pri:0, instance:testCases.Tree_TestCase@7f8a9499]" started-at="2025-01-11T22:13:50 CST" name="closeup" finished-at="2025-01-11T22:13:51 CST" duration-ms="864" status="PASS">
          <params>
            <param index="0">
              <value>
                <![CDATA[[TestResult name=EmptyTryeditorBinTreeTrav status=FAILURE method=Tree_TestCase.EmptyTryeditorBinTreeTrav()[pri:0, instance:testCases.Tree_TestCase@7f8a9499] output=Screenshot saved at: C:\Users\12017\Desktop\MurugaKaapathu\AS_testNG\screenshots\EmptyTryeditorBinTreeTrav.png]]]>
              </value>
            </param>
          </params>
          <reporter-output>
          </reporter-output>
        </test-method> <!-- closeup -->
        <test-method is-config="true" signature="setup()[pri:0, instance:testCases.Tree_TestCase@7f8a9499]" started-at="2025-01-11T22:13:51 CST" name="setup" finished-at="2025-01-11T22:13:54 CST" duration-ms="2954" status="PASS">
          <reporter-output>
          </reporter-output>
        </test-method> <!-- setup -->
        <test-method retried="true" signature="EmptyTryeditorIBST()[pri:0, instance:testCases.Tree_TestCase@7f8a9499]" started-at="2025-01-11T22:13:54 CST" name="EmptyTryeditorIBST" finished-at="2025-01-11T22:13:55 CST" duration-ms="1484" status="SKIP">
          <exception class="java.lang.AssertionError">
            <message>
              <![CDATA[Alert is not present]]>
            </message>
            <full-stacktrace>
              <![CDATA[java.lang.AssertionError: Alert is not present
at org.testng.Assert.fail(Assert.java:111)
at testCases.Tree_TestCase.EmptyTryeditorIBST(Tree_TestCase.java:1085)
at java.base/jdk.internal.reflect.DirectMethodHandleAccessor.invoke(DirectMethodHandleAccessor.java:103)
at java.base/java.lang.reflect.Method.invoke(Method.java:580)
at org.testng.internal.invokers.MethodInvocationHelper.invokeMethod(MethodInvocationHelper.java:141)
at org.testng.internal.invokers.TestInvoker.invokeMethod(TestInvoker.java:686)
at org.testng.internal.invokers.TestInvoker.invokeTestMethod(TestInvoker.java:230)
at org.testng.internal.invokers.MethodRunner.runInSequence(MethodRunner.java:63)
at org.testng.internal.invokers.TestInvoker$MethodInvocationAgent.invoke(TestInvoker.java:992)
at org.testng.internal.invokers.TestInvoker.invokeTestMethods(TestInvoker.java:203)
at org.testng.internal.invokers.TestMethodWorker.invokeTestMethods(TestMethodWorker.java:154)
at org.testng.internal.invokers.TestMethodWorker.run(TestMethodWorker.java:134)
at java.base/java.util.concurrent.Executors$RunnableAdapter.call(Executors.java:572)
at java.base/java.util.concurrent.FutureTask.run(FutureTask.java:317)
at org.testng.internal.thread.graph.TestNGFutureTask.run(TestNGFutureTask.java:22)
at java.base/java.util.concurrent.ThreadPoolExecutor.runWorker(ThreadPoolExecutor.java:1144)
at java.base/java.util.concurrent.ThreadPoolExecutor$Worker.run(ThreadPoolExecutor.java:642)
at java.base/java.lang.Thread.run(Thread.java:1575)
]]>
            </full-stacktrace>
          </exception> <!-- java.lang.AssertionError -->
          <reporter-output>
          </reporter-output>
        </test-method> <!-- EmptyTryeditorIBST -->
        <test-method is-config="true" signature="closeup(org.testng.ITestResult)[pri:0, instance:testCases.Tree_TestCase@7f8a9499]" started-at="2025-01-11T22:13:55 CST" name="closeup" finished-at="2025-01-11T22:13:56 CST" duration-ms="796" status="PASS">
          <params>
            <param index="0">
              <value>
                <![CDATA[[TestResult name=EmptyTryeditorIBST status=SKIP method=Tree_TestCase.EmptyTryeditorIBST()[pri:0, instance:testCases.Tree_TestCase@7f8a9499] output={null}]]]>
              </value>
            </param>
          </params>
          <reporter-output>
          </reporter-output>
        </test-method> <!-- closeup -->
        <test-method is-config="true" signature="setup()[pri:0, instance:testCases.Tree_TestCase@7f8a9499]" started-at="2025-01-11T22:13:56 CST" name="setup" finished-at="2025-01-11T22:13:58 CST" duration-ms="1972" status="PASS">
          <reporter-output>
          </reporter-output>
        </test-method> <!-- setup -->
        <test-method retried="true" signature="EmptyTryeditorIBST()[pri:0, instance:testCases.Tree_TestCase@7f8a9499]" started-at="2025-01-11T22:13:58 CST" name="EmptyTryeditorIBST" finished-at="2025-01-11T22:14:00 CST" duration-ms="1591" status="SKIP">
          <exception class="java.lang.AssertionError">
            <message>
              <![CDATA[Alert is not present]]>
            </message>
            <full-stacktrace>
              <![CDATA[java.lang.AssertionError: Alert is not present
at org.testng.Assert.fail(Assert.java:111)
at testCases.Tree_TestCase.EmptyTryeditorIBST(Tree_TestCase.java:1085)
at java.base/jdk.internal.reflect.DirectMethodHandleAccessor.invoke(DirectMethodHandleAccessor.java:103)
at java.base/java.lang.reflect.Method.invoke(Method.java:580)
at org.testng.internal.invokers.MethodInvocationHelper.invokeMethod(MethodInvocationHelper.java:141)
at org.testng.internal.invokers.TestInvoker.invokeMethod(TestInvoker.java:686)
at org.testng.internal.invokers.TestInvoker.retryFailed(TestInvoker.java:269)
at org.testng.internal.invokers.MethodRunner.runInSequence(MethodRunner.java:76)
at org.testng.internal.invokers.TestInvoker$MethodInvocationAgent.invoke(TestInvoker.java:992)
at org.testng.internal.invokers.TestInvoker.invokeTestMethods(TestInvoker.java:203)
at org.testng.internal.invokers.TestMethodWorker.invokeTestMethods(TestMethodWorker.java:154)
at org.testng.internal.invokers.TestMethodWorker.run(TestMethodWorker.java:134)
at java.base/java.util.concurrent.Executors$RunnableAdapter.call(Executors.java:572)
at java.base/java.util.concurrent.FutureTask.run(FutureTask.java:317)
at org.testng.internal.thread.graph.TestNGFutureTask.run(TestNGFutureTask.java:22)
at java.base/java.util.concurrent.ThreadPoolExecutor.runWorker(ThreadPoolExecutor.java:1144)
at java.base/java.util.concurrent.ThreadPoolExecutor$Worker.run(ThreadPoolExecutor.java:642)
at java.base/java.lang.Thread.run(Thread.java:1575)
]]>
            </full-stacktrace>
          </exception> <!-- java.lang.AssertionError -->
          <reporter-output>
          </reporter-output>
        </test-method> <!-- EmptyTryeditorIBST -->
        <test-method is-config="true" signature="closeup(org.testng.ITestResult)[pri:0, instance:testCases.Tree_TestCase@7f8a9499]" started-at="2025-01-11T22:14:00 CST" name="closeup" finished-at="2025-01-11T22:14:01 CST" duration-ms="889" status="PASS">
          <params>
            <param index="0">
              <value>
                <![CDATA[[TestResult name=EmptyTryeditorIBST status=SKIP method=Tree_TestCase.EmptyTryeditorIBST()[pri:0, instance:testCases.Tree_TestCase@7f8a9499] output={null}]]]>
              </value>
            </param>
          </params>
          <reporter-output>
          </reporter-output>
        </test-method> <!-- closeup -->
        <test-method is-config="true" signature="setup()[pri:0, instance:testCases.Tree_TestCase@7f8a9499]" started-at="2025-01-11T22:14:01 CST" name="setup" finished-at="2025-01-11T22:14:03 CST" duration-ms="2486" status="PASS">
          <reporter-output>
          </reporter-output>
        </test-method> <!-- setup -->
        <test-method retried="true" signature="EmptyTryeditorIBST()[pri:0, instance:testCases.Tree_TestCase@7f8a9499]" started-at="2025-01-11T22:14:03 CST" name="EmptyTryeditorIBST" finished-at="2025-01-11T22:14:05 CST" duration-ms="1691" status="SKIP">
          <exception class="java.lang.AssertionError">
            <message>
              <![CDATA[Alert is not present]]>
            </message>
            <full-stacktrace>
              <![CDATA[java.lang.AssertionError: Alert is not present
at org.testng.Assert.fail(Assert.java:111)
at testCases.Tree_TestCase.EmptyTryeditorIBST(Tree_TestCase.java:1085)
at java.base/jdk.internal.reflect.DirectMethodHandleAccessor.invoke(DirectMethodHandleAccessor.java:103)
at java.base/java.lang.reflect.Method.invoke(Method.java:580)
at org.testng.internal.invokers.MethodInvocationHelper.invokeMethod(MethodInvocationHelper.java:141)
at org.testng.internal.invokers.TestInvoker.invokeMethod(TestInvoker.java:686)
at org.testng.internal.invokers.TestInvoker.retryFailed(TestInvoker.java:269)
at org.testng.internal.invokers.MethodRunner.runInSequence(MethodRunner.java:76)
at org.testng.internal.invokers.TestInvoker$MethodInvocationAgent.invoke(TestInvoker.java:992)
at org.testng.internal.invokers.TestInvoker.invokeTestMethods(TestInvoker.java:203)
at org.testng.internal.invokers.TestMethodWorker.invokeTestMethods(TestMethodWorker.java:154)
at org.testng.internal.invokers.TestMethodWorker.run(TestMethodWorker.java:134)
at java.base/java.util.concurrent.Executors$RunnableAdapter.call(Executors.java:572)
at java.base/java.util.concurrent.FutureTask.run(FutureTask.java:317)
at org.testng.internal.thread.graph.TestNGFutureTask.run(TestNGFutureTask.java:22)
at java.base/java.util.concurrent.ThreadPoolExecutor.runWorker(ThreadPoolExecutor.java:1144)
at java.base/java.util.concurrent.ThreadPoolExecutor$Worker.run(ThreadPoolExecutor.java:642)
at java.base/java.lang.Thread.run(Thread.java:1575)
]]>
            </full-stacktrace>
          </exception> <!-- java.lang.AssertionError -->
          <reporter-output>
          </reporter-output>
        </test-method> <!-- EmptyTryeditorIBST -->
        <test-method is-config="true" signature="closeup(org.testng.ITestResult)[pri:0, instance:testCases.Tree_TestCase@7f8a9499]" started-at="2025-01-11T22:14:05 CST" name="closeup" finished-at="2025-01-11T22:14:06 CST" duration-ms="974" status="PASS">
          <params>
            <param index="0">
              <value>
                <![CDATA[[TestResult name=EmptyTryeditorIBST status=SKIP method=Tree_TestCase.EmptyTryeditorIBST()[pri:0, instance:testCases.Tree_TestCase@7f8a9499] output={null}]]]>
              </value>
            </param>
          </params>
          <reporter-output>
          </reporter-output>
        </test-method> <!-- closeup -->
        <test-method is-config="true" signature="setup()[pri:0, instance:testCases.Tree_TestCase@7f8a9499]" started-at="2025-01-11T22:14:06 CST" name="setup" finished-at="2025-01-11T22:14:08 CST" duration-ms="2652" status="PASS">
          <reporter-output>
          </reporter-output>
        </test-method> <!-- setup -->
        <test-method signature="EmptyTryeditorIBST()[pri:0, instance:testCases.Tree_TestCase@7f8a9499]" started-at="2025-01-11T22:14:08 CST" name="EmptyTryeditorIBST" finished-at="2025-01-11T22:14:10 CST" duration-ms="1595" status="FAIL">
          <exception class="java.lang.AssertionError">
            <message>
              <![CDATA[Alert is not present]]>
            </message>
            <full-stacktrace>
              <![CDATA[java.lang.AssertionError: Alert is not present
at org.testng.Assert.fail(Assert.java:111)
at testCases.Tree_TestCase.EmptyTryeditorIBST(Tree_TestCase.java:1085)
at java.base/jdk.internal.reflect.DirectMethodHandleAccessor.invoke(DirectMethodHandleAccessor.java:103)
at java.base/java.lang.reflect.Method.invoke(Method.java:580)
at org.testng.internal.invokers.MethodInvocationHelper.invokeMethod(MethodInvocationHelper.java:141)
at org.testng.internal.invokers.TestInvoker.invokeMethod(TestInvoker.java:686)
at org.testng.internal.invokers.TestInvoker.retryFailed(TestInvoker.java:269)
at org.testng.internal.invokers.MethodRunner.runInSequence(MethodRunner.java:76)
at org.testng.internal.invokers.TestInvoker$MethodInvocationAgent.invoke(TestInvoker.java:992)
at org.testng.internal.invokers.TestInvoker.invokeTestMethods(TestInvoker.java:203)
at org.testng.internal.invokers.TestMethodWorker.invokeTestMethods(TestMethodWorker.java:154)
at org.testng.internal.invokers.TestMethodWorker.run(TestMethodWorker.java:134)
at java.base/java.util.concurrent.Executors$RunnableAdapter.call(Executors.java:572)
at java.base/java.util.concurrent.FutureTask.run(FutureTask.java:317)
at org.testng.internal.thread.graph.TestNGFutureTask.run(TestNGFutureTask.java:22)
at java.base/java.util.concurrent.ThreadPoolExecutor.runWorker(ThreadPoolExecutor.java:1144)
at java.base/java.util.concurrent.ThreadPoolExecutor$Worker.run(ThreadPoolExecutor.java:642)
at java.base/java.lang.Thread.run(Thread.java:1575)
]]>
            </full-stacktrace>
          </exception> <!-- java.lang.AssertionError -->
          <reporter-output>
            <line>
              <![CDATA[Screenshot saved at: C:\Users\12017\Desktop\MurugaKaapathu\AS_testNG\screenshots\EmptyTryeditorIBST.png]]>
            </line>
          </reporter-output>
        </test-method> <!-- EmptyTryeditorIBST -->
        <test-method is-config="true" signature="closeup(org.testng.ITestResult)[pri:0, instance:testCases.Tree_TestCase@7f8a9499]" started-at="2025-01-11T22:14:10 CST" name="closeup" finished-at="2025-01-11T22:14:11 CST" duration-ms="805" status="PASS">
          <params>
            <param index="0">
              <value>
                <![CDATA[[TestResult name=EmptyTryeditorIBST status=FAILURE method=Tree_TestCase.EmptyTryeditorIBST()[pri:0, instance:testCases.Tree_TestCase@7f8a9499] output=Screenshot saved at: C:\Users\12017\Desktop\MurugaKaapathu\AS_testNG\screenshots\EmptyTryeditorIBST.png]]]>
              </value>
            </param>
          </params>
          <reporter-output>
          </reporter-output>
        </test-method> <!-- closeup -->
        <test-method is-config="true" signature="setup()[pri:0, instance:testCases.Tree_TestCase@7f8a9499]" started-at="2025-01-11T22:14:11 CST" name="setup" finished-at="2025-01-11T22:14:14 CST" duration-ms="2906" status="PASS">
          <reporter-output>
          </reporter-output>
        </test-method> <!-- setup -->
        <test-method retried="true" signature="EmptyTryeditorIBT()[pri:0, instance:testCases.Tree_TestCase@7f8a9499]" started-at="2025-01-11T22:14:14 CST" name="EmptyTryeditorIBT" finished-at="2025-01-11T22:14:15 CST" duration-ms="1422" status="SKIP">
          <exception class="java.lang.AssertionError">
            <message>
              <![CDATA[Alert is not present]]>
            </message>
            <full-stacktrace>
              <![CDATA[java.lang.AssertionError: Alert is not present
at org.testng.Assert.fail(Assert.java:111)
at testCases.Tree_TestCase.EmptyTryeditorIBT(Tree_TestCase.java:844)
at java.base/jdk.internal.reflect.DirectMethodHandleAccessor.invoke(DirectMethodHandleAccessor.java:103)
at java.base/java.lang.reflect.Method.invoke(Method.java:580)
at org.testng.internal.invokers.MethodInvocationHelper.invokeMethod(MethodInvocationHelper.java:141)
at org.testng.internal.invokers.TestInvoker.invokeMethod(TestInvoker.java:686)
at org.testng.internal.invokers.TestInvoker.invokeTestMethod(TestInvoker.java:230)
at org.testng.internal.invokers.MethodRunner.runInSequence(MethodRunner.java:63)
at org.testng.internal.invokers.TestInvoker$MethodInvocationAgent.invoke(TestInvoker.java:992)
at org.testng.internal.invokers.TestInvoker.invokeTestMethods(TestInvoker.java:203)
at org.testng.internal.invokers.TestMethodWorker.invokeTestMethods(TestMethodWorker.java:154)
at org.testng.internal.invokers.TestMethodWorker.run(TestMethodWorker.java:134)
at java.base/java.util.concurrent.Executors$RunnableAdapter.call(Executors.java:572)
at java.base/java.util.concurrent.FutureTask.run(FutureTask.java:317)
at org.testng.internal.thread.graph.TestNGFutureTask.run(TestNGFutureTask.java:22)
at java.base/java.util.concurrent.ThreadPoolExecutor.runWorker(ThreadPoolExecutor.java:1144)
at java.base/java.util.concurrent.ThreadPoolExecutor$Worker.run(ThreadPoolExecutor.java:642)
at java.base/java.lang.Thread.run(Thread.java:1575)
]]>
            </full-stacktrace>
          </exception> <!-- java.lang.AssertionError -->
          <reporter-output>
          </reporter-output>
        </test-method> <!-- EmptyTryeditorIBT -->
        <test-method is-config="true" signature="closeup(org.testng.ITestResult)[pri:0, instance:testCases.Tree_TestCase@7f8a9499]" started-at="2025-01-11T22:14:15 CST" name="closeup" finished-at="2025-01-11T22:14:16 CST" duration-ms="1174" status="PASS">
          <params>
            <param index="0">
              <value>
                <![CDATA[[TestResult name=EmptyTryeditorIBT status=SKIP method=Tree_TestCase.EmptyTryeditorIBT()[pri:0, instance:testCases.Tree_TestCase@7f8a9499] output={null}]]]>
              </value>
            </param>
          </params>
          <reporter-output>
          </reporter-output>
        </test-method> <!-- closeup -->
        <test-method is-config="true" signature="setup()[pri:0, instance:testCases.Tree_TestCase@7f8a9499]" started-at="2025-01-11T22:14:16 CST" name="setup" finished-at="2025-01-11T22:14:19 CST" duration-ms="2955" status="PASS">
          <reporter-output>
          </reporter-output>
        </test-method> <!-- setup -->
        <test-method retried="true" signature="EmptyTryeditorIBT()[pri:0, instance:testCases.Tree_TestCase@7f8a9499]" started-at="2025-01-11T22:14:19 CST" name="EmptyTryeditorIBT" finished-at="2025-01-11T22:14:21 CST" duration-ms="1909" status="SKIP">
          <exception class="java.lang.AssertionError">
            <message>
              <![CDATA[Alert is not present]]>
            </message>
            <full-stacktrace>
              <![CDATA[java.lang.AssertionError: Alert is not present
at org.testng.Assert.fail(Assert.java:111)
at testCases.Tree_TestCase.EmptyTryeditorIBT(Tree_TestCase.java:844)
at java.base/jdk.internal.reflect.DirectMethodHandleAccessor.invoke(DirectMethodHandleAccessor.java:103)
at java.base/java.lang.reflect.Method.invoke(Method.java:580)
at org.testng.internal.invokers.MethodInvocationHelper.invokeMethod(MethodInvocationHelper.java:141)
at org.testng.internal.invokers.TestInvoker.invokeMethod(TestInvoker.java:686)
[...]
                <![CDATA[[TestResult name=TraversalInValidTryHereFunc status=SUCCESS method=LinkedList_TestCase.TraversalInValidTryHereFunc(java.lang.String,java.lang.String,java.lang.String)[pri:0, instance:testCases.LinkedList_TestCase@45ac5f9b] output={null}]]]>
              </value>
            </param>
          </params>
          <reporter-output>
          </reporter-output>
        </test-method> <!-- closeup -->
        <test-method is-config="true" signature="setup()[pri:0, instance:testCases.LinkedList_TestCase@45ac5f9b]" started-at="2025-01-11T22:23:02 CST" name="setup" finished-at="2025-01-11T22:23:04 CST" duration-ms="1614" status="PASS">
          <reporter-output>
          </reporter-output>
        </test-method> <!-- setup -->
        <test-method signature="TraversalValidTryHereFunc()[pri:0, instance:testCases.LinkedList_TestCase@45ac5f9b]" started-at="2025-01-11T22:23:04 CST" name="TraversalValidTryHereFunc" finished-at="2025-01-11T22:23:05 CST" duration-ms="943" status="PASS">
          <reporter-output>
          </reporter-output>
        </test-method> <!-- TraversalValidTryHereFunc -->
        <test-method is-config="true" signature="closeup(org.testng.ITestResult)[pri:0, instance:testCases.LinkedList_TestCase@45ac5f9b]" started-at="2025-01-11T22:23:05 CST" name="closeup" finished-at="2025-01-11T22:23:05 CST" duration-ms="582" status="PASS">
          <params>
            <param index="0">
              <value>
                <![CDATA[[TestResult name=TraversalValidTryHereFunc status=SUCCESS method=LinkedList_TestCase.TraversalValidTryHereFunc()[pri:0, instance:testCases.LinkedList_TestCase@45ac5f9b] output={null}]]]>
              </value>
            </param>
          </params>
          <reporter-output>
          </reporter-output>
        </test-method> <!-- closeup -->
        <test-method is-config="true" signature="setup()[pri:0, instance:testCases.LinkedList_TestCase@45ac5f9b]" started-at="2025-01-11T22:23:05 CST" name="setup" finished-at="2025-01-11T22:23:07 CST" duration-ms="1677" status="PASS">
          <reporter-output>
          </reporter-output>
        </test-method> <!-- setup -->
        <test-method signature="TypesLL2TryEditor()[pri:0, instance:testCases.LinkedList_TestCase@45ac5f9b]" started-at="2025-01-11T22:23:07 CST" name="TypesLL2TryEditor" finished-at="2025-01-11T22:23:08 CST" duration-ms="886" status="PASS">
          <reporter-output>
          </reporter-output>
        </test-method> <!-- TypesLL2TryEditor -->
        <test-method is-config="true" signature="closeup(org.testng.ITestResult)[pri:0, instance:testCases.LinkedList_TestCase@45ac5f9b]" started-at="2025-01-11T22:23:08 CST" name="closeup" finished-at="2025-01-11T22:23:09 CST" duration-ms="611" status="PASS">
          <params>
            <param index="0">
              <value>
                <![CDATA[[TestResult name=TypesLL2TryEditor status=SUCCESS method=LinkedList_TestCase.TypesLL2TryEditor()[pri:0, instance:testCases.LinkedList_TestCase@45ac5f9b] output={null}]]]>
              </value>
            </param>
          </params>
          <reporter-output>
          </reporter-output>
        </test-method> <!-- closeup -->
        <test-method is-config="true" signature="setup()[pri:0, instance:testCases.LinkedList_TestCase@45ac5f9b]" started-at="2025-01-11T22:23:09 CST" name="setup" finished-at="2025-01-11T22:23:11 CST" duration-ms="1980" status="PASS">
          <reporter-output>
          </reporter-output>
        </test-method> <!-- setup -->
        <test-method signature="TypesLLInValidTryHereFunc(java.lang.String,java.lang.String,java.lang.String)[pri:0, instance:testCases.LinkedList_TestCase@45ac5f9b]" started-at="2025-01-11T22:23:11 CST" name="TypesLLInValidTryHereFunc" data-provider="tryeditorDataLinked" finished-at="2025-01-11T22:23:12 CST" duration-ms="1037" status="PASS">
          <params>
            <param index="0">
              <value>
                <![CDATA[print("Hello]]>
              </value>
            </param>
            <param index="1">
              <value>
                <![CDATA[SyntaxError: bad input on line 1]]>
              </value>
            </param>
            <param index="2">
              <value>
                <![CDATA[syntax]]>
              </value>
            </param>
          </params>
          <reporter-output>
          </reporter-output>
        </test-method> <!-- TypesLLInValidTryHereFunc -->
        <test-method is-config="true" signature="closeup(org.testng.ITestResult)[pri:0, instance:testCases.LinkedList_TestCase@45ac5f9b]" started-at="2025-01-11T22:23:12 CST" name="closeup" finished-at="2025-01-11T22:23:12 CST" duration-ms="711" status="PASS">
          <params>
            <param index="0">
              <value>
                <![CDATA[[TestResult name=TypesLLInValidTryHereFunc status=SUCCESS method=LinkedList_TestCase.TypesLLInValidTryHereFunc(java.lang.String,java.lang.String,java.lang.String)[pri:0, instance:testCases.LinkedList_TestCase@45ac5f9b] output={null}]]]>
              </value>
            </param>
          </params>
          <reporter-output>
          </reporter-output>
        </test-method> <!-- closeup -->
        <test-method is-config="true" signature="setup()[pri:0, instance:testCases.LinkedList_TestCase@45ac5f9b]" started-at="2025-01-11T22:23:12 CST" name="setup" finished-at="2025-01-11T22:23:14 CST" duration-ms="1526" status="PASS">
          <reporter-output>
          </reporter-output>
        </test-method> <!-- setup -->
        <test-method signature="TypesLLInValidTryHereFunc(java.lang.String,java.lang.String,java.lang.String)[pri:0, instance:testCases.LinkedList_TestCase@45ac5f9b]" started-at="2025-01-11T22:23:14 CST" name="TypesLLInValidTryHereFunc" data-provider="tryeditorDataLinked" finished-at="2025-01-11T22:23:15 CST" duration-ms="1278" status="PASS">
          <params>
            <param index="0">
              <value>
                <![CDATA[edgr7&rk]]>
              </value>
            </param>
            <param index="1">
              <value>
                <![CDATA[NameError: name 'edgr7' is not defined on line 1]]>
              </value>
            </param>
            <param index="2">
              <value>
                <![CDATA[name]]>
              </value>
            </param>
          </params>
          <reporter-output>
          </reporter-output>
        </test-method> <!-- TypesLLInValidTryHereFunc -->
        <test-method is-config="true" signature="closeup(org.testng.ITestResult)[pri:0, instance:testCases.LinkedList_TestCase@45ac5f9b]" started-at="2025-01-11T22:23:15 CST" name="closeup" finished-at="2025-01-11T22:23:16 CST" duration-ms="673" status="PASS">
          <params>
            <param index="0">
              <value>
                <![CDATA[[TestResult name=TypesLLInValidTryHereFunc status=SUCCESS method=LinkedList_TestCase.TypesLLInValidTryHereFunc(java.lang.String,java.lang.String,java.lang.String)[pri:0, instance:testCases.LinkedList_TestCase@45ac5f9b] output={null}]]]>
              </value>
            </param>
          </params>
          <reporter-output>
          </reporter-output>
        </test-method> <!-- closeup -->
        <test-method is-config="true" signature="setup()[pri:0, instance:testCases.LinkedList_TestCase@45ac5f9b]" started-at="2025-01-11T22:23:16 CST" name="setup" finished-at="2025-01-11T22:23:17 CST" duration-ms="1603" status="PASS">
          <reporter-output>
          </reporter-output>
        </test-method> <!-- setup -->
        <test-method signature="TypesLLValidTryHereFunc()[pri:0, instance:testCases.LinkedList_TestCase@45ac5f9b]" started-at="2025-01-11T22:23:17 CST" name="TypesLLValidTryHereFunc" finished-at="2025-01-11T22:23:19 CST" duration-ms="1166" status="PASS">
          <reporter-output>
          </reporter-output>
        </test-method> <!-- TypesLLValidTryHereFunc -->
        <test-method is-config="true" signature="closeup(org.testng.ITestResult)[pri:0, instance:testCases.LinkedList_TestCase@45ac5f9b]" started-at="2025-01-11T22:23:19 CST" name="closeup" finished-at="2025-01-11T22:23:19 CST" duration-ms="702" status="PASS">
          <params>
            <param index="0">
              <value>
                <![CDATA[[TestResult name=TypesLLValidTryHereFunc status=SUCCESS method=LinkedList_TestCase.TypesLLValidTryHereFunc()[pri:0, instance:testCases.LinkedList_TestCase@45ac5f9b] output={null}]]]>
              </value>
            </param>
          </params>
          <reporter-output>
          </reporter-output>
        </test-method> <!-- closeup -->
        <test-method is-config="true" signature="tearDown()[pri:0, instance:testCases.LinkedList_TestCase@45ac5f9b]" started-at="2025-01-11T22:23:19 CST" name="tearDown" finished-at="2025-01-11T22:23:20 CST" duration-ms="264" status="PASS">
          <reporter-output>
          </reporter-output>
        </test-method> <!-- tearDown -->
      </class> <!-- testCases.LinkedList_TestCase -->
      <class name="testCases.HomeGetstd_TestCase">
        <test-method is-config="true" signature="AsetUpDriver(java.lang.String)[pri:0, instance:testCases.HomeGetstd_TestCase@6d7fc27]" started-at="2025-01-11T22:19:46 CST" name="AsetUpDriver" finished-at="2025-01-11T22:19:53 CST" duration-ms="7105" status="PASS">
          <params>
            <param index="0">
              <value>
                <![CDATA[chrome]]>
              </value>
            </param>
          </params>
          <reporter-output>
          </reporter-output>
        </test-method> <!-- AsetUpDriver -->
        <test-method is-config="true" signature="setupExcel()[pri:0, instance:testCases.HomeGetstd_TestCase@6d7fc27]" started-at="2025-01-11T22:19:53 CST" name="setupExcel" finished-at="2025-01-11T22:19:54 CST" duration-ms="1005" status="PASS">
          <reporter-output>
          </reporter-output>
        </test-method> <!-- setupExcel -->
        <test-method is-config="true" signature="setup()[pri:0, instance:testCases.HomeGetstd_TestCase@6d7fc27]" started-at="2025-01-11T22:19:54 CST" name="setup" finished-at="2025-01-11T22:20:04 CST" duration-ms="9998" status="PASS">
          <reporter-output>
          </reporter-output>
        </test-method> <!-- setup -->
        <test-method signature="HomeGetstd(java.lang.String,java.lang.String)[pri:0, instance:testCases.HomeGetstd_TestCase@6d7fc27]" started-at="2025-01-11T22:20:05 CST" name="HomeGetstd" data-provider="homegetstdData" finished-at="2025-01-11T22:20:08 CST" duration-ms="2907" status="PASS">
          <params>
            <param index="0">
              <value>
                <![CDATA[data-structures-introduction]]>
              </value>
            </param>
            <param index="1">
              <value>
                <![CDATA[Data Structures-Introduction]]>
              </value>
            </param>
          </params>
          <reporter-output>
          </reporter-output>
        </test-method> <!-- HomeGetstd -->
        <test-method is-config="true" signature="closeup()[pri:0, instance:testCases.HomeGetstd_TestCase@6d7fc27]" started-at="2025-01-11T22:20:08 CST" name="closeup" finished-at="2025-01-11T22:20:09 CST" duration-ms="1034" status="PASS">
          <reporter-output>
          </reporter-output>
        </test-method> <!-- closeup -->
        <test-method is-config="true" signature="setup()[pri:0, instance:testCases.HomeGetstd_TestCase@6d7fc27]" started-at="2025-01-11T22:20:09 CST" name="setup" finished-at="2025-01-11T22:20:22 CST" duration-ms="13533" status="PASS">
          <reporter-output>
          </reporter-output>
        </test-method> <!-- setup -->
        <test-method signature="HomeGetstd(java.lang.String,java.lang.String)[pri:0, instance:testCases.HomeGetstd_TestCase@6d7fc27]" started-at="2025-01-11T22:20:22 CST" name="HomeGetstd" data-provider="homegetstdData" finished-at="2025-01-11T22:20:24 CST" duration-ms="1994" status="PASS">
          <params>
            <param index="0">
              <value>
                <![CDATA[array]]>
              </value>
            </param>
            <param index="1">
              <value>
                <![CDATA[Array]]>
              </value>
            </param>
          </params>
          <reporter-output>
          </reporter-output>
        </test-method> <!-- HomeGetstd -->
        <test-method is-config="true" signature="closeup()[pri:0, instance:testCases.HomeGetstd_TestCase@6d7fc27]" started-at="2025-01-11T22:20:24 CST" name="closeup" finished-at="2025-01-11T22:20:26 CST" duration-ms="1857" status="PASS">
          <reporter-output>
          </reporter-output>
        </test-method> <!-- closeup -->
        <test-method is-config="true" signature="setup()[pri:0, instance:testCases.HomeGetstd_TestCase@6d7fc27]" started-at="2025-01-11T22:20:26 CST" name="setup" finished-at="2025-01-11T22:20:38 CST" duration-ms="11686" status="PASS">
          <reporter-output>
          </reporter-output>
        </test-method> <!-- setup -->
        <test-method signature="HomeGetstd(java.lang.String,java.lang.String)[pri:0, instance:testCases.HomeGetstd_TestCase@6d7fc27]" started-at="2025-01-11T22:20:38 CST" name="HomeGetstd" data-provider="homegetstdData" finished-at="2025-01-11T22:20:39 CST" duration-ms="1712" status="PASS">
          <params>
            <param index="0">
              <value>
                <![CDATA[linked-list]]>
              </value>
            </param>
            <param index="1">
              <value>
                <![CDATA[Linked List]]>
              </value>
            </param>
          </params>
          <reporter-output>
          </reporter-output>
        </test-method> <!-- HomeGetstd -->
        <test-method is-config="true" signature="closeup()[pri:0, instance:testCases.HomeGetstd_TestCase@6d7fc27]" started-at="2025-01-11T22:20:39 CST" name="closeup" finished-at="2025-01-11T22:20:41 CST" duration-ms="1236" status="PASS">
          <reporter-output>
          </reporter-output>
        </test-method> <!-- closeup -->
        <test-method is-config="true" signature="setup()[pri:0, instance:testCases.HomeGetstd_TestCase@6d7fc27]" started-at="2025-01-11T22:20:41 CST" name="setup" finished-at="2025-01-11T22:20:44 CST" duration-ms="3555" status="PASS">
          <reporter-output>
          </reporter-output>
        </test-method> <!-- setup -->
        <test-method signature="HomeGetstd(java.lang.String,java.lang.String)[pri:0, instance:testCases.HomeGetstd_TestCase@6d7fc27]" started-at="2025-01-11T22:20:44 CST" name="HomeGetstd" data-provider="homegetstdData" finished-at="2025-01-11T22:20:45 CST" duration-ms="1115" status="PASS">
          <params>
            <param index="0">
              <value>
                <![CDATA[stack]]>
              </value>
            </param>
            <param index="1">
              <value>
                <![CDATA[Stack]]>
              </value>
            </param>
          </params>
          <reporter-output>
          </reporter-output>
        </test-method> <!-- HomeGetstd -->
        <test-method is-config="true" signature="closeup()[pri:0, instance:testCases.HomeGetstd_TestCase@6d7fc27]" started-at="2025-01-11T22:20:45 CST" name="closeup" finished-at="2025-01-11T22:20:48 CST" duration-ms="2516" status="PASS">
          <reporter-output>
          </reporter-output>
        </test-method> <!-- closeup -->
        <test-method is-config="true" signature="setup()[pri:0, instance:testCases.HomeGetstd_TestCase@6d7fc27]" started-at="2025-01-11T22:20:48 CST" name="setup" finished-at="2025-01-11T22:20:51 CST" duration-ms="3546" status="PASS">
          <reporter-output>
          </reporter-output>
        </test-method> <!-- setup -->
        <test-method signature="HomeGetstd(java.lang.String,java.lang.String)[pri:0, instance:testCases.HomeGetstd_TestCase@6d7fc27]" started-at="2025-01-11T22:20:51 CST" name="HomeGetstd" data-provider="homegetstdData" finished-at="2025-01-11T22:20:53 CST" duration-ms="1036" status="PASS">
          <params>
            <param index="0">
              <value>
                <![CDATA[queue]]>
              </value>
            </param>
            <param index="1">
              <value>
                <![CDATA[Queue]]>
              </value>
            </param>
          </params>
          <reporter-output>
          </reporter-output>
        </test-method> <!-- HomeGetstd -->
        <test-method is-config="true" signature="closeup()[pri:0, instance:testCases.HomeGetstd_TestCase@6d7fc27]" started-at="2025-01-11T22:20:53 CST" name="closeup" finished-at="2025-01-11T22:20:54 CST" duration-ms="1241" status="PASS">
          <reporter-output>
          </reporter-output>
        </test-method> <!-- closeup -->
        <test-method is-config="true" signature="setup()[pri:0, instance:testCases.HomeGetstd_TestCase@6d7fc27]" started-at="2025-01-11T22:20:54 CST" name="setup" finished-at="2025-01-11T22:20:58 CST" duration-ms="3940" status="PASS">
          <reporter-output>
          </reporter-output>
        </test-method> <!-- setup -->
        <test-method signature="HomeGetstd(java.lang.String,java.lang.String)[pri:0, instance:testCases.HomeGetstd_TestCase@6d7fc27]" started-at="2025-01-11T22:20:58 CST" name="HomeGetstd" data-provider="homegetstdData" finished-at="2025-01-11T22:20:59 CST" duration-ms="916" status="PASS">
          <params>
            <param index="0">
              <value>
                <![CDATA[tree]]>
              </value>
            </param>
            <param index="1">
              <value>
                <![CDATA[Tree]]>
              </value>
            </param>
          </params>
          <reporter-output>
          </reporter-output>
        </test-method> <!-- HomeGetstd -->
        <test-method is-config="true" signature="closeup()[pri:0, instance:testCases.HomeGetstd_TestCase@6d7fc27]" started-at="2025-01-11T22:20:59 CST" name="closeup" finished-at="2025-01-11T22:21:00 CST" duration-ms="1032" status="PASS">
          <reporter-output>
          </reporter-output>
        </test-method> <!-- closeup -->
        <test-method is-config="true" signature="setup()[pri:0, instance:testCases.HomeGetstd_TestCase@6d7fc27]" started-at="2025-01-11T22:21:00 CST" name="setup" finished-at="2025-01-11T22:21:02 CST" duration-ms="2697" status="PASS">
          <reporter-output>
          </reporter-output>
        </test-method> <!-- setup -->
        <test-method signature="HomeGetstd(java.lang.String,java.lang.String)[pri:0, instance:testCases.HomeGetstd_TestCase@6d7fc27]" started-at="2025-01-11T22:21:02 CST" name="HomeGetstd" data-provider="homegetstdData" finished-at="2025-01-11T22:21:03 CST" duration-ms="821" status="PASS">
          <params>
            <param index="0">
              <value>
                <![CDATA[graph]]>
              </value>
            </param>
            <param index="1">
              <value>
                <![CDATA[Graph]]>
              </value>
            </param>
          </params>
          <reporter-output>
          </reporter-output>
        </test-method> <!-- HomeGetstd -->
        <test-method is-config="true" signature="closeup()[pri:0, instance:testCases.HomeGetstd_TestCase@6d7fc27]" started-at="2025-01-11T22:21:03 CST" name="closeup" finished-at="2025-01-11T22:21:04 CST" duration-ms="1027" status="PASS">
          <reporter-output>
          </reporter-output>
        </test-method> <!-- closeup -->
        <test-method is-config="true" signature="tearDown()[pri:0, instance:testCases.HomeGetstd_TestCase@6d7fc27]" started-at="2025-01-11T22:21:04 CST" name="tearDown" finished-at="2025-01-11T22:21:05 CST" duration-ms="453" status="PASS">
          <reporter-output>
          </reporter-output>
        </test-method> <!-- tearDown -->
      </class> <!-- testCases.HomeGetstd_TestCase -->
    </test> <!-- TestChrome -->
  </suite> <!-- Suite -->
</testng-results>
